{"/home/travis/build/npmtest/node-npmtest-ember-intl/test.js":{"path":"/home/travis/build/npmtest/node-npmtest-ember-intl/test.js","s":{"1":2,"2":2,"3":2,"4":2,"5":2,"6":2,"7":2,"8":1,"9":2,"10":2,"11":1,"12":1,"13":1,"14":1,"15":2,"16":2,"17":2,"18":2,"19":1,"20":1,"21":2,"22":2,"23":2,"24":1,"25":1,"26":1,"27":1,"28":1,"29":1,"30":1,"31":1,"32":1,"33":1,"34":1,"35":1,"36":1,"37":1,"38":1,"39":2,"40":2,"41":1,"42":2,"43":2,"44":1,"45":2,"46":2,"47":1,"48":2,"49":2,"50":1,"51":1,"52":1,"53":1,"54":1},"b":{"1":[2,1,1,1],"2":[1,1,1,1],"3":[1,1],"4":[1,1],"5":[1,1],"6":[1,1],"7":[1,1],"8":[1,1],"9":[1,1],"10":[1,1,1],"11":[1,1],"12":[1,1],"13":[1,1],"14":[1,1],"15":[1,1],"16":[1,1],"17":[1,1]},"f":{"1":2,"2":2,"3":2,"4":2,"5":2,"6":1,"7":1,"8":1,"9":2,"10":2,"11":2,"12":2,"13":1},"fnMap":{"1":{"name":"(anonymous_1)","line":12,"loc":{"start":{"line":12,"column":1},"end":{"line":12,"column":13}}},"2":{"name":"(anonymous_2)","line":19,"loc":{"start":{"line":19,"column":5},"end":{"line":19,"column":17}}},"3":{"name":"(anonymous_3)","line":23,"loc":{"start":{"line":23,"column":24},"end":{"line":23,"column":36}}},"4":{"name":"(anonymous_4)","line":61,"loc":{"start":{"line":61,"column":5},"end":{"line":61,"column":17}}},"5":{"name":"(anonymous_5)","line":82,"loc":{"start":{"line":82,"column":5},"end":{"line":82,"column":17}}},"6":{"name":"(anonymous_6)","line":91,"loc":{"start":{"line":91,"column":77},"end":{"line":94,"column":10}}},"7":{"name":"(anonymous_7)","line":112,"loc":{"start":{"line":112,"column":83},"end":{"line":115,"column":10}},"skip":true},"8":{"name":"(anonymous_8)","line":123,"loc":{"start":{"line":123,"column":77},"end":{"line":126,"column":10}},"skip":true},"9":{"name":"(anonymous_9)","line":139,"loc":{"start":{"line":139,"column":12},"end":{"line":139,"column":40}},"skip":true},"10":{"name":"(anonymous_10)","line":147,"loc":{"start":{"line":147,"column":77},"end":{"line":150,"column":10}},"skip":true},"11":{"name":"(anonymous_11)","line":158,"loc":{"start":{"line":158,"column":83},"end":{"line":161,"column":10}},"skip":true},"12":{"name":"(anonymous_12)","line":169,"loc":{"start":{"line":169,"column":79},"end":{"line":172,"column":10}},"skip":true},"13":{"name":"(anonymous_13)","line":180,"loc":{"start":{"line":180,"column":75},"end":{"line":183,"column":10}},"skip":true}},"statementMap":{"1":{"start":{"line":12,"column":0},"end":{"line":195,"column":5}},"2":{"start":{"line":14,"column":4},"end":{"line":14,"column":14}},"3":{"start":{"line":19,"column":4},"end":{"line":56,"column":9}},"4":{"start":{"line":21,"column":8},"end":{"line":21,"column":19}},"5":{"start":{"line":23,"column":8},"end":{"line":35,"column":13}},"6":{"start":{"line":24,"column":12},"end":{"line":34,"column":13}},"7":{"start":{"line":25,"column":16},"end":{"line":28,"column":30}},"8":{"start":{"line":30,"column":16},"end":{"line":33,"column":27}},"9":{"start":{"line":37,"column":8},"end":{"line":39,"column":21}},"10":{"start":{"line":40,"column":8},"end":{"line":53,"column":9}},"11":{"start":{"line":43,"column":12},"end":{"line":46,"column":14}},"12":{"start":{"line":47,"column":12},"end":{"line":47,"column":18}},"13":{"start":{"line":50,"column":12},"end":{"line":51,"column":33}},"14":{"start":{"line":52,"column":12},"end":{"line":52,"column":18}},"15":{"start":{"line":55,"column":8},"end":{"line":55,"column":35}},"16":{"start":{"line":61,"column":4},"end":{"line":63,"column":9}},"17":{"start":{"line":62,"column":8},"end":{"line":62,"column":15}},"18":{"start":{"line":64,"column":4},"end":{"line":77,"column":5}},"19":{"start":{"line":70,"column":8},"end":{"line":70,"column":14}},"20":{"start":{"line":76,"column":8},"end":{"line":76,"column":14}},"21":{"start":{"line":82,"column":4},"end":{"line":84,"column":9}},"22":{"start":{"line":83,"column":8},"end":{"line":83,"column":15}},"23":{"start":{"line":85,"column":4},"end":{"line":194,"column":5}},"24":{"start":{"line":91,"column":8},"end":{"line":99,"column":10}},"25":{"start":{"line":98,"column":12},"end":{"line":98,"column":35}},"26":{"start":{"line":102,"column":8},"end":{"line":104,"column":63}},"27":{"start":{"line":105,"column":8},"end":{"line":105,"column":14}},"28":{"start":{"line":112,"column":8},"end":{"line":121,"column":10},"skip":true},"29":{"start":{"line":119,"column":12},"end":{"line":119,"column":55},"skip":true},"30":{"start":{"line":120,"column":12},"end":{"line":120,"column":48},"skip":true},"31":{"start":{"line":123,"column":8},"end":{"line":136,"column":10},"skip":true},"32":{"start":{"line":130,"column":12},"end":{"line":130,"column":76},"skip":true},"33":{"start":{"line":131,"column":12},"end":{"line":131,"column":73},"skip":true},"34":{"start":{"line":132,"column":12},"end":{"line":132,"column":74},"skip":true},"35":{"start":{"line":133,"column":12},"end":{"line":133,"column":79},"skip":true},"36":{"start":{"line":134,"column":12},"end":{"line":134,"column":25},"skip":true},"37":{"start":{"line":135,"column":12},"end":{"line":135,"column":45},"skip":true},"38":{"start":{"line":138,"column":8},"end":{"line":145,"column":14},"skip":true},"39":{"start":{"line":143,"column":16},"end":{"line":143,"column":29},"skip":true},"40":{"start":{"line":144,"column":16},"end":{"line":144,"column":55},"skip":true},"41":{"start":{"line":147,"column":8},"end":{"line":156,"column":10},"skip":true},"42":{"start":{"line":154,"column":12},"end":{"line":154,"column":25},"skip":true},"43":{"start":{"line":155,"column":12},"end":{"line":155,"column":45},"skip":true},"44":{"start":{"line":158,"column":8},"end":{"line":167,"column":10},"skip":true},"45":{"start":{"line":165,"column":12},"end":{"line":165,"column":25},"skip":true},"46":{"start":{"line":166,"column":12},"end":{"line":166,"column":48},"skip":true},"47":{"start":{"line":169,"column":8},"end":{"line":178,"column":10},"skip":true},"48":{"start":{"line":176,"column":12},"end":{"line":176,"column":25},"skip":true},"49":{"start":{"line":177,"column":12},"end":{"line":177,"column":46},"skip":true},"50":{"start":{"line":180,"column":8},"end":{"line":189,"column":10},"skip":true},"51":{"start":{"line":187,"column":12},"end":{"line":187,"column":94},"skip":true},"52":{"start":{"line":188,"column":12},"end":{"line":188,"column":48},"skip":true},"53":{"start":{"line":192,"column":8},"end":{"line":192,"column":35},"skip":true},"54":{"start":{"line":193,"column":8},"end":{"line":193,"column":14},"skip":true}},"branchMap":{"1":{"line":25,"type":"binary-expr","locations":[{"start":{"line":25,"column":23},"end":{"line":25,"column":62}},{"start":{"line":26,"column":20},"end":{"line":26,"column":70}},{"start":{"line":27,"column":20},"end":{"line":27,"column":71}},{"start":{"line":28,"column":20},"end":{"line":28,"column":29}}]},"2":{"line":30,"type":"binary-expr","locations":[{"start":{"line":30,"column":23},"end":{"line":30,"column":37}},{"start":{"line":31,"column":20},"end":{"line":31,"column":61}},{"start":{"line":32,"column":20},"end":{"line":32,"column":70}},{"start":{"line":33,"column":20},"end":{"line":33,"column":26}}]},"3":{"line":37,"type":"cond-expr","locations":[{"start":{"line":38,"column":14},"end":{"line":38,"column":20}},{"start":{"line":39,"column":14},"end":{"line":39,"column":20}}]},"4":{"line":40,"type":"switch","locations":[{"start":{"line":42,"column":8},"end":{"line":47,"column":18}},{"start":{"line":49,"column":8},"end":{"line":52,"column":18}}]},"5":{"line":44,"type":"binary-expr","locations":[{"start":{"line":44,"column":16},"end":{"line":44,"column":44}},{"start":{"line":44,"column":48},"end":{"line":44,"column":66}}]},"6":{"line":50,"type":"binary-expr","locations":[{"start":{"line":50,"column":21},"end":{"line":50,"column":49}},{"start":{"line":50,"column":53},"end":{"line":50,"column":72}}]},"7":{"line":64,"type":"switch","locations":[{"start":{"line":69,"column":4},"end":{"line":70,"column":14}},{"start":{"line":75,"column":4},"end":{"line":76,"column":14}}]},"8":{"line":85,"type":"switch","locations":[{"start":{"line":90,"column":4},"end":{"line":105,"column":14}},{"start":{"line":111,"column":4},"end":{"line":193,"column":14},"skip":true}]},"9":{"line":91,"type":"binary-expr","locations":[{"start":{"line":91,"column":42},"end":{"line":91,"column":73}},{"start":{"line":91,"column":77},"end":{"line":99,"column":9}}]},"10":{"line":102,"type":"binary-expr","locations":[{"start":{"line":102,"column":18},"end":{"line":102,"column":32}},{"start":{"line":103,"column":12},"end":{"line":103,"column":53}},{"start":{"line":104,"column":12},"end":{"line":104,"column":61}}]},"11":{"line":112,"type":"binary-expr","locations":[{"start":{"line":112,"column":45},"end":{"line":112,"column":79},"skip":true},{"start":{"line":112,"column":83},"end":{"line":121,"column":9},"skip":true}]},"12":{"line":123,"type":"binary-expr","locations":[{"start":{"line":123,"column":42},"end":{"line":123,"column":73},"skip":true},{"start":{"line":123,"column":77},"end":{"line":136,"column":9},"skip":true}]},"13":{"line":138,"type":"binary-expr","locations":[{"start":{"line":138,"column":48},"end":{"line":138,"column":85},"skip":true},{"start":{"line":139,"column":12},"end":{"line":145,"column":13},"skip":true}]},"14":{"line":147,"type":"binary-expr","locations":[{"start":{"line":147,"column":42},"end":{"line":147,"column":73},"skip":true},{"start":{"line":147,"column":77},"end":{"line":156,"column":9},"skip":true}]},"15":{"line":158,"type":"binary-expr","locations":[{"start":{"line":158,"column":45},"end":{"line":158,"column":79},"skip":true},{"start":{"line":158,"column":83},"end":{"line":167,"column":9},"skip":true}]},"16":{"line":169,"type":"binary-expr","locations":[{"start":{"line":169,"column":43},"end":{"line":169,"column":75},"skip":true},{"start":{"line":169,"column":79},"end":{"line":178,"column":9},"skip":true}]},"17":{"line":180,"type":"binary-expr","locations":[{"start":{"line":180,"column":41},"end":{"line":180,"column":71},"skip":true},{"start":{"line":180,"column":75},"end":{"line":189,"column":9},"skip":true}]}},"code":["/* istanbul instrument in package npmtest_ember_intl */","/*jslint","    bitwise: true,","    browser: true,","    maxerr: 8,","    maxlen: 96,","    node: true,","    nomen: true,","    regexp: true,","    stupid: true","*/","(function () {","    'use strict';","    var local;","","","","    // run shared js-env code - pre-init","    (function () {","        // init local","        local = {};","        // init modeJs","        local.modeJs = (function () {","            try {","                return typeof navigator.userAgent === 'string' &&","                    typeof document.querySelector('body') === 'object' &&","                    typeof XMLHttpRequest.prototype.open === 'function' &&","                    'browser';","            } catch (errorCaughtBrowser) {","                return module.exports &&","                    typeof process.versions.node === 'string' &&","                    typeof require('http').createServer === 'function' &&","                    'node';","            }","        }());","        // init global","        local.global = local.modeJs === 'browser'","            ? window","            : global;","        switch (local.modeJs) {","        // re-init local from window.local","        case 'browser':","            local = local.global.utility2.objectSetDefault(","                local.global.utility2_rollup || local.global.local,","                local.global.utility2","            );","            break;","        // re-init local from example.js","        case 'node':","            local = (local.global.utility2_rollup || require('utility2'))","                .requireReadme();","            break;","        }","        // export local","        local.global.local = local;","    }());","","","","    // run shared js-env code - function","    (function () {","        return;","    }());","    switch (local.modeJs) {","","","","    // run browser js-env code - function","    case 'browser':","        break;","","","","    // run node js-env code - function","    case 'node':","        break;","    }","","","","    // run shared js-env code - post-init","    (function () {","        return;","    }());","    switch (local.modeJs) {","","","","    // run browser js-env code - post-init","    case 'browser':","        local.testCase_browser_nullCase = local.testCase_browser_nullCase || function (","            options,","            onError","        ) {","        /*","         * this function will test browsers's null-case handling-behavior-behavior","         */","            onError(null, options);","        };","","        // run tests","        local.nop(local.modeTest &&","            document.querySelector('#testRunButton1') &&","            document.querySelector('#testRunButton1').click());","        break;","","","","    // run node js-env code - post-init","    /* istanbul ignore next */","    case 'node':","        local.testCase_buildApidoc_default = local.testCase_buildApidoc_default || function (","            options,","            onError","        ) {","        /*","         * this function will test buildApidoc's default handling-behavior-behavior","         */","            options = { modulePathList: module.paths };","            local.buildApidoc(options, onError);","        };","","        local.testCase_buildApp_default = local.testCase_buildApp_default || function (","            options,","            onError","        ) {","        /*","         * this function will test buildApp's default handling-behavior-behavior","         */","            local.testCase_buildReadme_default(options, local.onErrorThrow);","            local.testCase_buildLib_default(options, local.onErrorThrow);","            local.testCase_buildTest_default(options, local.onErrorThrow);","            local.testCase_buildCustomOrg_default(options, local.onErrorThrow);","            options = [];","            local.buildApp(options, onError);","        };","","        local.testCase_buildCustomOrg_default = local.testCase_buildCustomOrg_default ||","            function (options, onError) {","            /*","             * this function will test buildCustomOrg's default handling-behavior","             */","                options = {};","                local.buildCustomOrg(options, onError);","            };","","        local.testCase_buildLib_default = local.testCase_buildLib_default || function (","            options,","            onError","        ) {","        /*","         * this function will test buildLib's default handling-behavior","         */","            options = {};","            local.buildLib(options, onError);","        };","","        local.testCase_buildReadme_default = local.testCase_buildReadme_default || function (","            options,","            onError","        ) {","        /*","         * this function will test buildReadme's default handling-behavior-behavior","         */","            options = {};","            local.buildReadme(options, onError);","        };","","        local.testCase_buildTest_default = local.testCase_buildTest_default || function (","            options,","            onError","        ) {","        /*","         * this function will test buildTest's default handling-behavior","         */","            options = {};","            local.buildTest(options, onError);","        };","","        local.testCase_webpage_default = local.testCase_webpage_default || function (","            options,","            onError","        ) {","        /*","         * this function will test webpage's default handling-behavior","         */","            options = { modeCoverageMerge: true, url: local.serverLocalHost + '?modeTest=1' };","            local.browserTest(options, onError);","        };","","        // run test-server","        local.testRunServer(local);","        break;","    }","}());",""],"l":{"12":2,"14":2,"19":2,"21":2,"23":2,"24":2,"25":2,"30":1,"37":2,"40":2,"43":1,"47":1,"50":1,"52":1,"55":2,"61":2,"62":2,"64":2,"70":1,"76":1,"82":2,"83":2,"85":2,"91":1,"98":1,"102":1,"105":1,"112":1,"119":1,"120":1,"123":1,"130":1,"131":1,"132":1,"133":1,"134":1,"135":1,"138":1,"143":2,"144":2,"147":1,"154":2,"155":2,"158":1,"165":2,"166":2,"169":1,"176":2,"177":2,"180":1,"187":1,"188":1,"192":1,"193":1}},"/home/travis/build/npmtest/node-npmtest-ember-intl/lib.npmtest_ember_intl.js":{"path":"/home/travis/build/npmtest/node-npmtest-ember-intl/lib.npmtest_ember_intl.js","s":{"1":2,"2":2,"3":2,"4":2,"5":2,"6":2,"7":2,"8":1,"9":2,"10":2,"11":2,"12":2,"13":1,"14":1,"15":1,"16":1},"b":{"1":[2,1,1,1],"2":[1,1,1,1],"3":[1,1],"4":[2,2],"5":[1,1]},"f":{"1":2,"2":2,"3":2},"fnMap":{"1":{"name":"(anonymous_1)","line":12,"loc":{"start":{"line":12,"column":1},"end":{"line":12,"column":13}}},"2":{"name":"(anonymous_2)","line":19,"loc":{"start":{"line":19,"column":5},"end":{"line":19,"column":17}}},"3":{"name":"(anonymous_3)","line":23,"loc":{"start":{"line":23,"column":24},"end":{"line":23,"column":36}}}},"statementMap":{"1":{"start":{"line":12,"column":0},"end":{"line":53,"column":5}},"2":{"start":{"line":14,"column":4},"end":{"line":14,"column":14}},"3":{"start":{"line":19,"column":4},"end":{"line":52,"column":9}},"4":{"start":{"line":21,"column":8},"end":{"line":21,"column":19}},"5":{"start":{"line":23,"column":8},"end":{"line":35,"column":13}},"6":{"start":{"line":24,"column":12},"end":{"line":34,"column":13}},"7":{"start":{"line":25,"column":16},"end":{"line":28,"column":30}},"8":{"start":{"line":30,"column":16},"end":{"line":33,"column":27}},"9":{"start":{"line":37,"column":8},"end":{"line":39,"column":21}},"10":{"start":{"line":41,"column":8},"end":{"line":41,"column":54}},"11":{"start":{"line":43,"column":8},"end":{"line":43,"column":55}},"12":{"start":{"line":45,"column":8},"end":{"line":51,"column":9}},"13":{"start":{"line":46,"column":12},"end":{"line":46,"column":61}},"14":{"start":{"line":48,"column":12},"end":{"line":48,"column":35}},"15":{"start":{"line":49,"column":12},"end":{"line":49,"column":49}},"16":{"start":{"line":50,"column":12},"end":{"line":50,"column":43}}},"branchMap":{"1":{"line":25,"type":"binary-expr","locations":[{"start":{"line":25,"column":23},"end":{"line":25,"column":62}},{"start":{"line":26,"column":20},"end":{"line":26,"column":70}},{"start":{"line":27,"column":20},"end":{"line":27,"column":71}},{"start":{"line":28,"column":20},"end":{"line":28,"column":29}}]},"2":{"line":30,"type":"binary-expr","locations":[{"start":{"line":30,"column":23},"end":{"line":30,"column":37}},{"start":{"line":31,"column":20},"end":{"line":31,"column":61}},{"start":{"line":32,"column":20},"end":{"line":32,"column":70}},{"start":{"line":33,"column":20},"end":{"line":33,"column":26}}]},"3":{"line":37,"type":"cond-expr","locations":[{"start":{"line":38,"column":14},"end":{"line":38,"column":20}},{"start":{"line":39,"column":14},"end":{"line":39,"column":20}}]},"4":{"line":41,"type":"binary-expr","locations":[{"start":{"line":41,"column":16},"end":{"line":41,"column":44}},{"start":{"line":41,"column":48},"end":{"line":41,"column":53}}]},"5":{"line":45,"type":"if","locations":[{"start":{"line":45,"column":8},"end":{"line":45,"column":8}},{"start":{"line":45,"column":8},"end":{"line":45,"column":8}}]}},"code":["/* istanbul instrument in package npmtest_ember_intl */","/*jslint","    bitwise: true,","    browser: true,","    maxerr: 8,","    maxlen: 96,","    node: true,","    nomen: true,","    regexp: true,","    stupid: true","*/","(function () {","    'use strict';","    var local;","","","","    // run shared js-env code - pre-init","    (function () {","        // init local","        local = {};","        // init modeJs","        local.modeJs = (function () {","            try {","                return typeof navigator.userAgent === 'string' &&","                    typeof document.querySelector('body') === 'object' &&","                    typeof XMLHttpRequest.prototype.open === 'function' &&","                    'browser';","            } catch (errorCaughtBrowser) {","                return module.exports &&","                    typeof process.versions.node === 'string' &&","                    typeof require('http').createServer === 'function' &&","                    'node';","            }","        }());","        // init global","        local.global = local.modeJs === 'browser'","            ? window","            : global;","        // init utility2_rollup","        local = local.global.utility2_rollup || local;","        // init lib","        local.local = local.npmtest_ember_intl = local;","        // init exports","        if (local.modeJs === 'browser') {","            local.global.utility2_npmtest_ember_intl = local;","        } else {","            module.exports = local;","            module.exports.__dirname = __dirname;","            module.exports.module = module;","        }","    }());","}());",""],"l":{"12":2,"14":2,"19":2,"21":2,"23":2,"24":2,"25":2,"30":1,"37":2,"41":2,"43":2,"45":2,"46":1,"48":1,"49":1,"50":1}},"/home/travis/build/npmtest/node-npmtest-ember-intl/example.js":{"path":"/home/travis/build/npmtest/node-npmtest-ember-intl/example.js","s":{"1":2,"2":2,"3":2,"4":2,"5":2,"6":2,"7":2,"8":1,"9":2,"10":2,"11":2,"12":2,"13":1,"14":2,"15":2,"16":2,"17":2,"18":2,"19":0,"20":2,"21":1,"22":1,"23":1,"24":1,"25":1,"26":0,"27":0,"28":1,"29":1,"30":2,"31":0,"32":0,"33":0,"34":1,"35":2,"36":2,"37":3,"38":3,"39":3,"40":3,"41":0,"42":3,"43":3,"44":3,"45":1,"46":3,"47":1,"48":1,"49":1,"50":1,"51":1,"52":1,"53":1,"54":1,"55":1,"56":1,"57":0,"58":1,"59":6,"60":6,"61":1,"62":2,"63":0,"64":2,"65":1,"66":1,"67":0,"68":0,"69":0,"70":0,"71":0,"72":0,"73":0,"74":0,"75":0,"76":0,"77":0,"78":0,"79":0,"80":0,"81":0,"82":0,"83":0},"b":{"1":[2,1,1,1],"2":[1,1,1,1],"3":[1,1],"4":[2,2],"5":[1,1],"6":[1,1],"7":[2,0],"8":[2,1,1,1,1,1],"9":[0,2,0],"10":[1,1],"11":[2,1,1],"12":[1,0],"13":[0,2],"14":[2,0,0,0,0,0,0],"15":[0,3],"16":[3,0],"17":[1,1],"18":[0,1],"19":[1,2,0,2],"20":[1,0],"21":[1,1],"22":[0,0],"23":[0,0],"24":[0,0],"25":[0,0],"26":[0,0],"27":[0,0],"28":[0,0]},"f":{"1":2,"2":2,"3":2,"4":2,"5":2,"6":2,"7":3,"8":3,"9":3,"10":1,"11":6,"12":0},"fnMap":{"1":{"name":"(anonymous_1)","line":26,"loc":{"start":{"line":26,"column":1},"end":{"line":26,"column":13}}},"2":{"name":"(anonymous_2)","line":33,"loc":{"start":{"line":33,"column":5},"end":{"line":33,"column":17}}},"3":{"name":"(anonymous_3)","line":37,"loc":{"start":{"line":37,"column":24},"end":{"line":37,"column":36}}},"4":{"name":"(anonymous_4)","line":69,"loc":{"start":{"line":69,"column":31},"end":{"line":69,"column":48}},"skip":true},"5":{"name":"(anonymous_5)","line":78,"loc":{"start":{"line":78,"column":26},"end":{"line":78,"column":45}},"skip":true},"6":{"name":"(anonymous_6)","line":123,"loc":{"start":{"line":123,"column":33},"end":{"line":123,"column":48}},"skip":true},"7":{"name":"(anonymous_7)","line":125,"loc":{"start":{"line":125,"column":27},"end":{"line":125,"column":39}},"skip":true},"8":{"name":"(anonymous_8)","line":133,"loc":{"start":{"line":133,"column":59},"end":{"line":133,"column":74}},"skip":true},"9":{"name":"(anonymous_9)","line":143,"loc":{"start":{"line":143,"column":45},"end":{"line":143,"column":62}},"skip":true},"10":{"name":"(anonymous_10)","line":144,"loc":{"start":{"line":144,"column":73},"end":{"line":144,"column":92}},"skip":true},"11":{"name":"(anonymous_11)","line":272,"loc":{"start":{"line":272,"column":51},"end":{"line":272,"column":77}},"skip":true},"12":{"name":"(anonymous_12)","line":315,"loc":{"start":{"line":315,"column":32},"end":{"line":315,"column":61}},"skip":true}},"statementMap":{"1":{"start":{"line":26,"column":0},"end":{"line":326,"column":5}},"2":{"start":{"line":28,"column":4},"end":{"line":28,"column":14}},"3":{"start":{"line":33,"column":4},"end":{"line":60,"column":9}},"4":{"start":{"line":35,"column":8},"end":{"line":35,"column":19}},"5":{"start":{"line":37,"column":8},"end":{"line":49,"column":13}},"6":{"start":{"line":38,"column":12},"end":{"line":48,"column":13}},"7":{"start":{"line":39,"column":16},"end":{"line":42,"column":30}},"8":{"start":{"line":44,"column":16},"end":{"line":47,"column":27}},"9":{"start":{"line":51,"column":8},"end":{"line":53,"column":21}},"10":{"start":{"line":55,"column":8},"end":{"line":57,"column":45}},"11":{"start":{"line":59,"column":8},"end":{"line":59,"column":35}},"12":{"start":{"line":61,"column":4},"end":{"line":325,"column":5}},"13":{"start":{"line":69,"column":8},"end":{"line":121,"column":10},"skip":true},"14":{"start":{"line":70,"column":12},"end":{"line":88,"column":13},"skip":true},"15":{"start":{"line":76,"column":16},"end":{"line":87,"column":19},"skip":true},"16":{"start":{"line":79,"column":20},"end":{"line":86,"column":21},"skip":true},"17":{"start":{"line":82,"column":24},"end":{"line":82,"column":43},"skip":true},"18":{"start":{"line":83,"column":24},"end":{"line":83,"column":30},"skip":true},"19":{"start":{"line":85,"column":24},"end":{"line":85,"column":49},"skip":true},"20":{"start":{"line":89,"column":12},"end":{"line":107,"column":13},"skip":true},"21":{"start":{"line":92,"column":16},"end":{"line":102,"column":17},"skip":true},"22":{"start":{"line":93,"column":20},"end":{"line":93,"column":86},"skip":true},"23":{"start":{"line":94,"column":20},"end":{"line":95,"column":45},"skip":true},"24":{"start":{"line":96,"column":20},"end":{"line":96,"column":42},"skip":true},"25":{"start":{"line":97,"column":20},"end":{"line":97,"column":48},"skip":true},"26":{"start":{"line":100,"column":20},"end":{"line":100,"column":85},"skip":true},"27":{"start":{"line":101,"column":20},"end":{"line":101,"column":96},"skip":true},"28":{"start":{"line":103,"column":16},"end":{"line":103,"column":22},"skip":true},"29":{"start":{"line":106,"column":16},"end":{"line":106,"column":22},"skip":true},"30":{"start":{"line":108,"column":12},"end":{"line":120,"column":13},"skip":true},"31":{"start":{"line":114,"column":16},"end":{"line":119,"column":17},"skip":true},"32":{"start":{"line":116,"column":20},"end":{"line":116,"column":78},"skip":true},"33":{"start":{"line":118,"column":20},"end":{"line":118,"column":47},"skip":true},"34":{"start":{"line":123,"column":8},"end":{"line":141,"column":11},"skip":true},"35":{"start":{"line":124,"column":12},"end":{"line":124,"column":54},"skip":true},"36":{"start":{"line":125,"column":12},"end":{"line":140,"column":14},"skip":true},"37":{"start":{"line":126,"column":16},"end":{"line":126,"column":28},"skip":true},"38":{"start":{"line":127,"column":16},"end":{"line":127,"column":69},"skip":true},"39":{"start":{"line":128,"column":16},"end":{"line":128,"column":75},"skip":true},"40":{"start":{"line":129,"column":16},"end":{"line":131,"column":17},"skip":true},"41":{"start":{"line":130,"column":20},"end":{"line":130,"column":27},"skip":true},"42":{"start":{"line":133,"column":16},"end":{"line":137,"column":36},"skip":true},"43":{"start":{"line":134,"column":20},"end":{"line":136,"column":55},"skip":true},"44":{"start":{"line":139,"column":16},"end":{"line":139,"column":57},"skip":true},"45":{"start":{"line":143,"column":8},"end":{"line":147,"column":11},"skip":true},"46":{"start":{"line":144,"column":12},"end":{"line":146,"column":15},"skip":true},"47":{"start":{"line":145,"column":16},"end":{"line":145,"column":70},"skip":true},"48":{"start":{"line":149,"column":8},"end":{"line":149,"column":31},"skip":true},"49":{"start":{"line":150,"column":8},"end":{"line":150,"column":14},"skip":true},"50":{"start":{"line":158,"column":8},"end":{"line":158,"column":31},"skip":true},"51":{"start":{"line":160,"column":8},"end":{"line":160,"column":33},"skip":true},"52":{"start":{"line":161,"column":8},"end":{"line":161,"column":37},"skip":true},"53":{"start":{"line":162,"column":8},"end":{"line":162,"column":35},"skip":true},"54":{"start":{"line":164,"column":8},"end":{"line":164,"column":50},"skip":true},"55":{"start":{"line":166,"column":8},"end":{"line":256,"column":2},"skip":true},"56":{"start":{"line":258,"column":8},"end":{"line":286,"column":9},"skip":true},"57":{"start":{"line":259,"column":12},"end":{"line":269,"column":14},"skip":true},"58":{"start":{"line":271,"column":12},"end":{"line":285,"column":19},"skip":true},"59":{"start":{"line":274,"column":20},"end":{"line":274,"column":35},"skip":true},"60":{"start":{"line":275,"column":20},"end":{"line":284,"column":21},"skip":true},"61":{"start":{"line":277,"column":24},"end":{"line":277,"column":64},"skip":true},"62":{"start":{"line":279,"column":24},"end":{"line":279,"column":40},"skip":true},"63":{"start":{"line":281,"column":24},"end":{"line":281,"column":40},"skip":true},"64":{"start":{"line":283,"column":24},"end":{"line":283,"column":39},"skip":true},"65":{"start":{"line":288,"column":8},"end":{"line":290,"column":9},"skip":true},"66":{"start":{"line":289,"column":12},"end":{"line":289,"column":18},"skip":true},"67":{"start":{"line":291,"column":8},"end":{"line":293,"column":54},"skip":true},"68":{"start":{"line":296,"column":8},"end":{"line":301,"column":37},"skip":true},"69":{"start":{"line":303,"column":8},"end":{"line":303,"column":82},"skip":true},"70":{"start":{"line":306,"column":8},"end":{"line":308,"column":9},"skip":true},"71":{"start":{"line":307,"column":12},"end":{"line":307,"column":82},"skip":true},"72":{"start":{"line":310,"column":8},"end":{"line":312,"column":9},"skip":true},"73":{"start":{"line":311,"column":12},"end":{"line":311,"column":18},"skip":true},"74":{"start":{"line":313,"column":8},"end":{"line":313,"column":54},"skip":true},"75":{"start":{"line":314,"column":8},"end":{"line":314,"column":69},"skip":true},"76":{"start":{"line":315,"column":8},"end":{"line":323,"column":36},"skip":true},"77":{"start":{"line":316,"column":12},"end":{"line":316,"column":61},"skip":true},"78":{"start":{"line":317,"column":12},"end":{"line":320,"column":13},"skip":true},"79":{"start":{"line":318,"column":16},"end":{"line":318,"column":75},"skip":true},"80":{"start":{"line":319,"column":16},"end":{"line":319,"column":23},"skip":true},"81":{"start":{"line":321,"column":12},"end":{"line":321,"column":38},"skip":true},"82":{"start":{"line":322,"column":12},"end":{"line":322,"column":27},"skip":true},"83":{"start":{"line":324,"column":8},"end":{"line":324,"column":14},"skip":true}},"branchMap":{"1":{"line":39,"type":"binary-expr","locations":[{"start":{"line":39,"column":23},"end":{"line":39,"column":62}},{"start":{"line":40,"column":20},"end":{"line":40,"column":70}},{"start":{"line":41,"column":20},"end":{"line":41,"column":71}},{"start":{"line":42,"column":20},"end":{"line":42,"column":29}}]},"2":{"line":44,"type":"binary-expr","locations":[{"start":{"line":44,"column":23},"end":{"line":44,"column":37}},{"start":{"line":45,"column":20},"end":{"line":45,"column":61}},{"start":{"line":46,"column":20},"end":{"line":46,"column":70}},{"start":{"line":47,"column":20},"end":{"line":47,"column":26}}]},"3":{"line":51,"type":"cond-expr","locations":[{"start":{"line":52,"column":14},"end":{"line":52,"column":20}},{"start":{"line":53,"column":14},"end":{"line":53,"column":20}}]},"4":{"line":55,"type":"binary-expr","locations":[{"start":{"line":55,"column":16},"end":{"line":55,"column":44}},{"start":{"line":55,"column":49},"end":{"line":57,"column":43}}]},"5":{"line":55,"type":"cond-expr","locations":[{"start":{"line":56,"column":14},"end":{"line":56,"column":54}},{"start":{"line":57,"column":14},"end":{"line":57,"column":43}}]},"6":{"line":61,"type":"switch","locations":[{"start":{"line":68,"column":4},"end":{"line":150,"column":14},"skip":true},{"start":{"line":156,"column":4},"end":{"line":324,"column":14},"skip":true}]},"7":{"line":70,"type":"if","locations":[{"start":{"line":70,"column":12},"end":{"line":70,"column":12},"skip":true},{"start":{"line":70,"column":12},"end":{"line":70,"column":12},"skip":true}]},"8":{"line":70,"type":"binary-expr","locations":[{"start":{"line":70,"column":16},"end":{"line":70,"column":22},"skip":true},{"start":{"line":70,"column":27},"end":{"line":70,"column":32},"skip":true},{"start":{"line":71,"column":20},"end":{"line":71,"column":39},"skip":true},{"start":{"line":72,"column":20},"end":{"line":72,"column":49},"skip":true},{"start":{"line":73,"column":20},"end":{"line":73,"column":58},"skip":true},{"start":{"line":74,"column":20},"end":{"line":74,"column":69},"skip":true}]},"9":{"line":79,"type":"switch","locations":[{"start":{"line":80,"column":20},"end":{"line":80,"column":33},"skip":true},{"start":{"line":81,"column":20},"end":{"line":83,"column":30},"skip":true},{"start":{"line":84,"column":20},"end":{"line":85,"column":49},"skip":true}]},"10":{"line":89,"type":"switch","locations":[{"start":{"line":90,"column":12},"end":{"line":103,"column":22},"skip":true},{"start":{"line":105,"column":12},"end":{"line":106,"column":22},"skip":true}]},"11":{"line":89,"type":"binary-expr","locations":[{"start":{"line":89,"column":20},"end":{"line":89,"column":25},"skip":true},{"start":{"line":89,"column":29},"end":{"line":89,"column":48},"skip":true},{"start":{"line":89,"column":52},"end":{"line":89,"column":74},"skip":true}]},"12":{"line":92,"type":"if","locations":[{"start":{"line":92,"column":16},"end":{"line":92,"column":16},"skip":true},{"start":{"line":92,"column":16},"end":{"line":92,"column":16},"skip":true}]},"13":{"line":108,"type":"if","locations":[{"start":{"line":108,"column":12},"end":{"line":108,"column":12},"skip":true},{"start":{"line":108,"column":12},"end":{"line":108,"column":12},"skip":true}]},"14":{"line":108,"type":"binary-expr","locations":[{"start":{"line":108,"column":16},"end":{"line":108,"column":61},"skip":true},{"start":{"line":108,"column":66},"end":{"line":108,"column":72},"skip":true},{"start":{"line":108,"column":77},"end":{"line":108,"column":82},"skip":true},{"start":{"line":109,"column":20},"end":{"line":109,"column":39},"skip":true},{"start":{"line":110,"column":20},"end":{"line":110,"column":49},"skip":true},{"start":{"line":111,"column":20},"end":{"line":111,"column":58},"skip":true},{"start":{"line":112,"column":20},"end":{"line":112,"column":68},"skip":true}]},"15":{"line":129,"type":"if","locations":[{"start":{"line":129,"column":16},"end":{"line":129,"column":16},"skip":true},{"start":{"line":129,"column":16},"end":{"line":129,"column":16},"skip":true}]},"16":{"line":134,"type":"cond-expr","locations":[{"start":{"line":135,"column":26},"end":{"line":135,"column":29},"skip":true},{"start":{"line":136,"column":26},"end":{"line":136,"column":54},"skip":true}]},"17":{"line":164,"type":"binary-expr","locations":[{"start":{"line":164,"column":27},"end":{"line":164,"column":43},"skip":true},{"start":{"line":164,"column":47},"end":{"line":164,"column":49},"skip":true}]},"18":{"line":258,"type":"if","locations":[{"start":{"line":258,"column":8},"end":{"line":258,"column":8},"skip":true},{"start":{"line":258,"column":8},"end":{"line":258,"column":8},"skip":true}]},"19":{"line":275,"type":"switch","locations":[{"start":{"line":276,"column":20},"end":{"line":277,"column":64},"skip":true},{"start":{"line":278,"column":20},"end":{"line":279,"column":40},"skip":true},{"start":{"line":280,"column":20},"end":{"line":281,"column":40},"skip":true},{"start":{"line":282,"column":20},"end":{"line":283,"column":39},"skip":true}]},"20":{"line":288,"type":"if","locations":[{"start":{"line":288,"column":8},"end":{"line":288,"column":8},"skip":true},{"start":{"line":288,"column":8},"end":{"line":288,"column":8},"skip":true}]},"21":{"line":288,"type":"binary-expr","locations":[{"start":{"line":288,"column":12},"end":{"line":288,"column":40},"skip":true},{"start":{"line":288,"column":44},"end":{"line":288,"column":67},"skip":true}]},"22":{"line":292,"type":"binary-expr","locations":[{"start":{"line":292,"column":12},"end":{"line":292,"column":50},"skip":true},{"start":{"line":293,"column":12},"end":{"line":293,"column":53},"skip":true}]},"23":{"line":297,"type":"binary-expr","locations":[{"start":{"line":297,"column":12},"end":{"line":297,"column":68},"skip":true},{"start":{"line":298,"column":12},"end":{"line":301,"column":36},"skip":true}]},"24":{"line":303,"type":"binary-expr","locations":[{"start":{"line":303,"column":43},"end":{"line":303,"column":75},"skip":true},{"start":{"line":303,"column":79},"end":{"line":303,"column":81},"skip":true}]},"25":{"line":306,"type":"if","locations":[{"start":{"line":306,"column":8},"end":{"line":306,"column":8},"skip":true},{"start":{"line":306,"column":8},"end":{"line":306,"column":8},"skip":true}]},"26":{"line":310,"type":"if","locations":[{"start":{"line":310,"column":8},"end":{"line":310,"column":8},"skip":true},{"start":{"line":310,"column":8},"end":{"line":310,"column":8},"skip":true}]},"27":{"line":313,"type":"binary-expr","locations":[{"start":{"line":313,"column":27},"end":{"line":313,"column":43},"skip":true},{"start":{"line":313,"column":47},"end":{"line":313,"column":53},"skip":true}]},"28":{"line":317,"type":"if","locations":[{"start":{"line":317,"column":12},"end":{"line":317,"column":12},"skip":true},{"start":{"line":317,"column":12},"end":{"line":317,"column":12},"skip":true}]}},"code":["/*","example.js","","quickstart example","","instruction","    1. save this script as example.js","    2. run the shell command:","        $ npm install npmtest-ember-intl && PORT=8081 node example.js","    3. play with the browser-demo on http://127.0.0.1:8081","*/","","","","/* istanbul instrument in package npmtest_ember_intl */","/*jslint","    bitwise: true,","    browser: true,","    maxerr: 8,","    maxlen: 96,","    node: true,","    nomen: true,","    regexp: true,","    stupid: true","*/","(function () {","    'use strict';","    var local;","","","","    // run shared js-env code - pre-init","    (function () {","        // init local","        local = {};","        // init modeJs","        local.modeJs = (function () {","            try {","                return typeof navigator.userAgent === 'string' &&","                    typeof document.querySelector('body') === 'object' &&","                    typeof XMLHttpRequest.prototype.open === 'function' &&","                    'browser';","            } catch (errorCaughtBrowser) {","                return module.exports &&","                    typeof process.versions.node === 'string' &&","                    typeof require('http').createServer === 'function' &&","                    'node';","            }","        }());","        // init global","        local.global = local.modeJs === 'browser'","            ? window","            : global;","        // init utility2_rollup","        local = local.global.utility2_rollup || (local.modeJs === 'browser'","            ? local.global.utility2_npmtest_ember_intl","            : global.utility2_moduleExports);","        // export local","        local.global.local = local;","    }());","    switch (local.modeJs) {","","","","    // post-init","    // run browser js-env code - post-init","    /* istanbul ignore next */","    case 'browser':","        local.testRunBrowser = function (event) {","            if (!event || (event &&","                    event.currentTarget &&","                    event.currentTarget.className &&","                    event.currentTarget.className.includes &&","                    event.currentTarget.className.includes('onreset'))) {","                // reset output","                Array.from(","                    document.querySelectorAll('body > .resettable')","                ).forEach(function (element) {","                    switch (element.tagName) {","                    case 'INPUT':","                    case 'TEXTAREA':","                        element.value = '';","                        break;","                    default:","                        element.textContent = '';","                    }","                });","            }","            switch (event && event.currentTarget && event.currentTarget.id) {","            case 'testRunButton1':","                // show tests","                if (document.querySelector('#testReportDiv1').style.display === 'none') {","                    document.querySelector('#testReportDiv1').style.display = 'block';","                    document.querySelector('#testRunButton1').textContent =","                        'hide internal test';","                    local.modeTest = true;","                    local.testRunDefault(local);","                // hide tests","                } else {","                    document.querySelector('#testReportDiv1').style.display = 'none';","                    document.querySelector('#testRunButton1').textContent = 'run internal test';","                }","                break;","            // custom-case","            default:","                break;","            }","            if (document.querySelector('#inputTextareaEval1') && (!event || (event &&","                    event.currentTarget &&","                    event.currentTarget.className &&","                    event.currentTarget.className.includes &&","                    event.currentTarget.className.includes('oneval')))) {","                // try to eval input-code","                try {","                    /*jslint evil: true*/","                    eval(document.querySelector('#inputTextareaEval1').value);","                } catch (errorCaught) {","                    console.error(errorCaught);","                }","            }","        };","        // log stderr and stdout to #outputTextareaStdout1","        ['error', 'log'].forEach(function (key) {","            console[key + '_original'] = console[key];","            console[key] = function () {","                var element;","                console[key + '_original'].apply(console, arguments);","                element = document.querySelector('#outputTextareaStdout1');","                if (!element) {","                    return;","                }","                // append text to #outputTextareaStdout1","                element.value += Array.from(arguments).map(function (arg) {","                    return typeof arg === 'string'","                        ? arg","                        : JSON.stringify(arg, null, 4);","                }).join(' ') + '\\n';","                // scroll textarea to bottom","                element.scrollTop = element.scrollHeight;","            };","        });","        // init event-handling","        ['change', 'click', 'keyup'].forEach(function (event) {","            Array.from(document.querySelectorAll('.on' + event)).forEach(function (element) {","                element.addEventListener(event, local.testRunBrowser);","            });","        });","        // run tests","        local.testRunBrowser();","        break;","","","","    // run node js-env code - post-init","    /* istanbul ignore next */","    case 'node':","        // export local","        module.exports = local;","        // require modules","        local.fs = require('fs');","        local.http = require('http');","        local.url = require('url');","        // init assets","        local.assetsDict = local.assetsDict || {};","        /* jslint-ignore-begin */","        local.assetsDict['/assets.index.template.html'] = '\\","<!doctype html>\\n\\","<html lang=\"en\">\\n\\","<head>\\n\\","<meta charset=\"UTF-8\">\\n\\","<meta name=\"viewport\" content=\"width=device-width, initial-scale=1\">\\n\\","<title>{{env.npm_package_name}} (v{{env.npm_package_version}})</title>\\n\\","<style>\\n\\","/*csslint\\n\\","    box-sizing: false,\\n\\","    universal-selector: false\\n\\","*/\\n\\","* {\\n\\","    box-sizing: border-box;\\n\\","}\\n\\","body {\\n\\","    background: #dde;\\n\\","    font-family: Arial, Helvetica, sans-serif;\\n\\","    margin: 2rem;\\n\\","}\\n\\","body > * {\\n\\","    margin-bottom: 1rem;\\n\\","}\\n\\",".utility2FooterDiv {\\n\\","    margin-top: 20px;\\n\\","    text-align: center;\\n\\","}\\n\\","</style>\\n\\","<style>\\n\\","/*csslint\\n\\","*/\\n\\","textarea {\\n\\","    font-family: monospace;\\n\\","    height: 10rem;\\n\\","    width: 100%;\\n\\","}\\n\\","textarea[readonly] {\\n\\","    background: #ddd;\\n\\","}\\n\\","</style>\\n\\","</head>\\n\\","<body>\\n\\","<!-- utility2-comment\\n\\","<div id=\"ajaxProgressDiv1\" style=\"background: #d00; height: 2px; left: 0; margin: 0; padding: 0; position: fixed; top: 0; transition: background 0.5s, width 1.5s; width: 25%;\"></div>\\n\\","utility2-comment -->\\n\\","<h1>\\n\\","<!-- utility2-comment\\n\\","    <a\\n\\","        {{#if env.npm_package_homepage}}\\n\\","        href=\"{{env.npm_package_homepage}}\"\\n\\","        {{/if env.npm_package_homepage}}\\n\\","        target=\"_blank\"\\n\\","    >\\n\\","utility2-comment -->\\n\\","        {{env.npm_package_name}} (v{{env.npm_package_version}})\\n\\","<!-- utility2-comment\\n\\","    </a>\\n\\","utility2-comment -->\\n\\","</h1>\\n\\","<h3>{{env.npm_package_description}}</h3>\\n\\","<!-- utility2-comment\\n\\","<h4><a download href=\"assets.app.js\">download standalone app</a></h4>\\n\\","<button class=\"onclick onreset\" id=\"testRunButton1\">run internal test</button><br>\\n\\","<div id=\"testReportDiv1\" style=\"display: none;\"></div>\\n\\","utility2-comment -->\\n\\","\\n\\","\\n\\","\\n\\","<label>stderr and stdout</label>\\n\\","<textarea class=\"resettable\" id=\"outputTextareaStdout1\" readonly></textarea>\\n\\","<!-- utility2-comment\\n\\","{{#if isRollup}}\\n\\","<script src=\"assets.app.js\"></script>\\n\\","{{#unless isRollup}}\\n\\","utility2-comment -->\\n\\","<script src=\"assets.utility2.rollup.js\"></script>\\n\\","<script src=\"jsonp.utility2._stateInit?callback=window.utility2._stateInit\"></script>\\n\\","<script src=\"assets.npmtest_ember_intl.rollup.js\"></script>\\n\\","<script src=\"assets.example.js\"></script>\\n\\","<script src=\"assets.test.js\"></script>\\n\\","<!-- utility2-comment\\n\\","{{/if isRollup}}\\n\\","utility2-comment -->\\n\\","<div class=\"utility2FooterDiv\">\\n\\","    [ this app was created with\\n\\","    <a href=\"https://github.com/kaizhu256/node-utility2\" target=\"_blank\">utility2</a>\\n\\","    ]\\n\\","</div>\\n\\","</body>\\n\\","</html>\\n\\","';","        /* jslint-ignore-end */","        if (local.templateRender) {","            local.assetsDict['/'] = local.templateRender(","                local.assetsDict['/assets.index.template.html'],","                {","                    env: local.objectSetDefault(local.env, {","                        npm_package_description: 'the greatest app in the world!',","                        npm_package_name: 'my-app',","                        npm_package_nameAlias: 'my_app',","                        npm_package_version: '0.0.1'","                    })","                }","            );","        } else {","            local.assetsDict['/'] = local.assetsDict['/assets.index.template.html']","                .replace((/\\{\\{env\\.(\\w+?)\\}\\}/g), function (match0, match1) {","                    // jslint-hack","                    String(match0);","                    switch (match1) {","                    case 'npm_package_description':","                        return 'the greatest app in the world!';","                    case 'npm_package_name':","                        return 'my-app';","                    case 'npm_package_nameAlias':","                        return 'my_app';","                    case 'npm_package_version':","                        return '0.0.1';","                    }","                });","        }","        // run the cli","        if (local.global.utility2_rollup || module !== require.main) {","            break;","        }","        local.assetsDict['/assets.example.js'] =","            local.assetsDict['/assets.example.js'] ||","            local.fs.readFileSync(__filename, 'utf8');","        // bug-workaround - long $npm_package_buildCustomOrg","        /* jslint-ignore-begin */","        local.assetsDict['/assets.npmtest_ember_intl.rollup.js'] =","            local.assetsDict['/assets.npmtest_ember_intl.rollup.js'] ||","            local.fs.readFileSync(","                local.npmtest_ember_intl.__dirname + '/lib.npmtest_ember_intl.js',","                'utf8'","            ).replace((/^#!/), '//');","        /* jslint-ignore-end */","        local.assetsDict['/favicon.ico'] = local.assetsDict['/favicon.ico'] || '';","        // if $npm_config_timeout_exit exists,","        // then exit this process after $npm_config_timeout_exit ms","        if (Number(process.env.npm_config_timeout_exit)) {","            setTimeout(process.exit, Number(process.env.npm_config_timeout_exit));","        }","        // start server","        if (local.global.utility2_serverHttp1) {","            break;","        }","        process.env.PORT = process.env.PORT || '8081';","        console.error('server starting on port ' + process.env.PORT);","        local.http.createServer(function (request, response) {","            request.urlParsed = local.url.parse(request.url);","            if (local.assetsDict[request.urlParsed.pathname] !== undefined) {","                response.end(local.assetsDict[request.urlParsed.pathname]);","                return;","            }","            response.statusCode = 404;","            response.end();","        }).listen(process.env.PORT);","        break;","    }","}());",""],"l":{"26":2,"28":2,"33":2,"35":2,"37":2,"38":2,"39":2,"44":1,"51":2,"55":2,"59":2,"61":2,"69":1,"70":2,"76":2,"79":2,"82":2,"83":2,"85":1,"89":2,"92":1,"93":1,"94":1,"96":1,"97":1,"100":1,"101":1,"103":1,"106":1,"108":2,"114":1,"116":1,"118":1,"123":1,"124":2,"125":2,"126":3,"127":3,"128":3,"129":3,"130":1,"133":3,"134":3,"139":3,"143":1,"144":3,"145":1,"149":1,"150":1,"158":1,"160":1,"161":1,"162":1,"164":1,"166":1,"258":1,"259":1,"271":1,"274":6,"275":6,"277":1,"279":2,"281":1,"283":2,"288":1,"289":1,"291":1,"296":1,"303":1,"306":1,"307":1,"310":1,"311":1,"313":1,"314":1,"315":1,"316":1,"317":1,"318":1,"319":1,"321":1,"322":1,"324":1}},"/home/travis/build/npmtest/node-npmtest-ember-intl/node_modules/ember-intl/index.js":{"path":"/home/travis/build/npmtest/node-npmtest-ember-intl/node_modules/ember-intl/index.js","s":{"1":1,"2":1,"3":1,"4":1,"5":1,"6":1,"7":1,"8":1,"9":1,"10":1,"11":1,"12":0,"13":0,"14":0,"15":0,"16":0,"17":0,"18":0,"19":0,"20":0,"21":0,"22":0,"23":0,"24":0,"25":0,"26":0,"27":0,"28":0,"29":0,"30":0,"31":0,"32":0,"33":0,"34":0,"35":0,"36":0,"37":0,"38":0,"39":0,"40":0,"41":0,"42":0,"43":0,"44":0,"45":0,"46":0,"47":0,"48":0,"49":0,"50":0,"51":0,"52":0,"53":0,"54":0,"55":0,"56":0,"57":0,"58":0,"59":0,"60":0,"61":0,"62":0,"63":0,"64":0,"65":0,"66":0,"67":0,"68":0,"69":0,"70":0,"71":0,"72":0,"73":0,"74":0,"75":0,"76":0,"77":0,"78":0,"79":0,"80":0,"81":0,"82":0,"83":0,"84":0,"85":0,"86":0,"87":0,"88":0,"89":0,"90":0,"91":0,"92":0,"93":0,"94":0,"95":0,"96":0,"97":0,"98":0,"99":0,"100":0,"101":0,"102":0,"103":0,"104":0,"105":0,"106":0,"107":0,"108":0,"109":0,"110":0,"111":0,"112":0,"113":0,"114":0,"115":0,"116":0,"117":0,"118":0},"b":{"1":[0,0],"2":[0,0],"3":[0,0],"4":[0,0],"5":[0,0,0],"6":[0,0],"7":[0,0],"8":[0,0],"9":[0,0],"10":[0,0],"11":[0,0],"12":[0,0],"13":[0,0],"14":[0,0],"15":[0,0,0],"16":[0,0],"17":[0,0],"18":[0,0],"19":[0,0,0],"20":[0,0],"21":[0,0,0],"22":[0,0],"23":[0,0],"24":[0,0],"25":[0,0],"26":[0,0],"27":[0,0],"28":[0,0],"29":[0,0],"30":[0,0],"31":[0,0],"32":[0,0],"33":[0,0],"34":[0,0],"35":[0,0],"36":[0,0],"37":[0,0],"38":[0,0,0]},"f":{"1":0,"2":0,"3":0,"4":0,"5":0,"6":0,"7":0,"8":0,"9":0,"10":0,"11":0,"12":0,"13":0,"14":0,"15":0,"16":0,"17":0,"18":0,"19":0,"20":0,"21":0,"22":0},"fnMap":{"1":{"name":"(anonymous_1)","line":27,"loc":{"start":{"line":27,"column":10},"end":{"line":27,"column":13}}},"2":{"name":"(anonymous_2)","line":39,"loc":{"start":{"line":39,"column":54},"end":{"line":39,"column":70}}},"3":{"name":"(anonymous_3)","line":49,"loc":{"start":{"line":49,"column":13},"end":{"line":49,"column":16}}},"4":{"name":"(anonymous_4)","line":60,"loc":{"start":{"line":60,"column":12},"end":{"line":60,"column":27}}},"5":{"name":"(anonymous_5)","line":69,"loc":{"start":{"line":69,"column":38},"end":{"line":69,"column":55}}},"6":{"name":"(anonymous_6)","line":79,"loc":{"start":{"line":79,"column":12},"end":{"line":79,"column":19}}},"7":{"name":"(anonymous_7)","line":84,"loc":{"start":{"line":84,"column":16},"end":{"line":84,"column":22}}},"8":{"name":"(anonymous_8)","line":87,"loc":{"start":{"line":87,"column":17},"end":{"line":87,"column":23}}},"9":{"name":"(anonymous_9)","line":108,"loc":{"start":{"line":108,"column":15},"end":{"line":108,"column":18}}},"10":{"name":"(anonymous_10)","line":132,"loc":{"start":{"line":132,"column":5},"end":{"line":132,"column":20}}},"11":{"name":"(anonymous_11)","line":144,"loc":{"start":{"line":144,"column":12},"end":{"line":144,"column":26}}},"12":{"name":"(anonymous_12)","line":163,"loc":{"start":{"line":163,"column":12},"end":{"line":163,"column":26}}},"13":{"name":"(anonymous_13)","line":189,"loc":{"start":{"line":189,"column":72},"end":{"line":189,"column":89}}},"14":{"name":"(anonymous_14)","line":191,"loc":{"start":{"line":191,"column":13},"end":{"line":191,"column":30}}},"15":{"name":"(anonymous_15)","line":199,"loc":{"start":{"line":199,"column":13},"end":{"line":199,"column":16}}},"16":{"name":"(anonymous_16)","line":205,"loc":{"start":{"line":205,"column":13},"end":{"line":205,"column":32}}},"17":{"name":"(anonymous_17)","line":214,"loc":{"start":{"line":214,"column":44},"end":{"line":214,"column":61}}},"18":{"name":"(anonymous_18)","line":227,"loc":{"start":{"line":227,"column":16},"end":{"line":227,"column":19}}},"19":{"name":"(anonymous_19)","line":232,"loc":{"start":{"line":232,"column":15},"end":{"line":232,"column":37}}},"20":{"name":"(anonymous_20)","line":257,"loc":{"start":{"line":257,"column":23},"end":{"line":257,"column":64}}},"21":{"name":"(anonymous_21)","line":270,"loc":{"start":{"line":270,"column":20},"end":{"line":270,"column":27}}},"22":{"name":"(anonymous_22)","line":276,"loc":{"start":{"line":276,"column":9},"end":{"line":276,"column":12}}}},"statementMap":{"1":{"start":{"line":10,"column":0},"end":{"line":10,"column":55}},"2":{"start":{"line":11,"column":0},"end":{"line":11,"column":49}},"3":{"start":{"line":12,"column":0},"end":{"line":12,"column":49}},"4":{"start":{"line":13,"column":0},"end":{"line":13,"column":44}},"5":{"start":{"line":14,"column":0},"end":{"line":14,"column":40}},"6":{"start":{"line":15,"column":0},"end":{"line":15,"column":40}},"7":{"start":{"line":16,"column":0},"end":{"line":16,"column":36}},"8":{"start":{"line":17,"column":0},"end":{"line":17,"column":27}},"9":{"start":{"line":19,"column":0},"end":{"line":19,"column":35}},"10":{"start":{"line":20,"column":0},"end":{"line":20,"column":71}},"11":{"start":{"line":22,"column":0},"end":{"line":281,"column":2}},"12":{"start":{"line":28,"column":4},"end":{"line":28,"column":48}},"13":{"start":{"line":30,"column":4},"end":{"line":30,"column":42}},"14":{"start":{"line":31,"column":4},"end":{"line":31,"column":49}},"15":{"start":{"line":33,"column":4},"end":{"line":33,"column":66}},"16":{"start":{"line":34,"column":4},"end":{"line":34,"column":80}},"17":{"start":{"line":35,"column":4},"end":{"line":35,"column":45}},"18":{"start":{"line":37,"column":4},"end":{"line":37,"column":56}},"19":{"start":{"line":39,"column":4},"end":{"line":44,"column":13}},"20":{"start":{"line":40,"column":6},"end":{"line":43,"column":9}},"21":{"start":{"line":46,"column":4},"end":{"line":46,"column":94}},"22":{"start":{"line":50,"column":4},"end":{"line":50,"column":34}},"23":{"start":{"line":51,"column":4},"end":{"line":51,"column":38}},"24":{"start":{"line":53,"column":4},"end":{"line":55,"column":5}},"25":{"start":{"line":54,"column":6},"end":{"line":54,"column":38}},"26":{"start":{"line":57,"column":4},"end":{"line":57,"column":21}},"27":{"start":{"line":61,"column":4},"end":{"line":76,"column":5}},"28":{"start":{"line":62,"column":6},"end":{"line":62,"column":41}},"29":{"start":{"line":63,"column":6},"end":{"line":63,"column":39}},"30":{"start":{"line":64,"column":6},"end":{"line":64,"column":22}},"31":{"start":{"line":66,"column":6},"end":{"line":66,"column":55}},"32":{"start":{"line":66,"column":28},"end":{"line":66,"column":53}},"33":{"start":{"line":67,"column":6},"end":{"line":67,"column":45}},"34":{"start":{"line":67,"column":23},"end":{"line":67,"column":43}},"35":{"start":{"line":69,"column":6},"end":{"line":71,"column":9}},"36":{"start":{"line":70,"column":8},"end":{"line":70,"column":72}},"37":{"start":{"line":73,"column":6},"end":{"line":75,"column":20}},"38":{"start":{"line":80,"column":4},"end":{"line":80,"column":23}},"39":{"start":{"line":82,"column":4},"end":{"line":91,"column":5}},"40":{"start":{"line":83,"column":6},"end":{"line":90,"column":10}},"41":{"start":{"line":85,"column":10},"end":{"line":85,"column":29}},"42":{"start":{"line":88,"column":10},"end":{"line":88,"column":53}},"43":{"start":{"line":93,"column":4},"end":{"line":103,"column":5}},"44":{"start":{"line":94,"column":6},"end":{"line":100,"column":9}},"45":{"start":{"line":102,"column":6},"end":{"line":102,"column":27}},"46":{"start":{"line":105,"column":4},"end":{"line":105,"column":50}},"47":{"start":{"line":109,"column":4},"end":{"line":109,"column":70}},"48":{"start":{"line":110,"column":4},"end":{"line":110,"column":19}},"49":{"start":{"line":112,"column":4},"end":{"line":114,"column":5}},"50":{"start":{"line":113,"column":6},"end":{"line":113,"column":29}},"51":{"start":{"line":116,"column":4},"end":{"line":123,"column":5}},"52":{"start":{"line":117,"column":6},"end":{"line":117,"column":46}},"53":{"start":{"line":119,"column":6},"end":{"line":122,"column":10}},"54":{"start":{"line":125,"column":4},"end":{"line":127,"column":5}},"55":{"start":{"line":126,"column":6},"end":{"line":126,"column":44}},"56":{"start":{"line":129,"column":4},"end":{"line":129,"column":50}},"57":{"start":{"line":133,"column":4},"end":{"line":135,"column":5}},"58":{"start":{"line":134,"column":6},"end":{"line":134,"column":13}},"59":{"start":{"line":137,"column":4},"end":{"line":141,"column":5}},"60":{"start":{"line":138,"column":6},"end":{"line":138,"column":51}},"61":{"start":{"line":140,"column":6},"end":{"line":140,"column":47}},"62":{"start":{"line":145,"column":4},"end":{"line":145,"column":35}},"63":{"start":{"line":149,"column":4},"end":{"line":149,"column":56}},"64":{"start":{"line":150,"column":4},"end":{"line":150,"column":56}},"65":{"start":{"line":152,"column":4},"end":{"line":154,"column":5}},"66":{"start":{"line":153,"column":6},"end":{"line":153,"column":47}},"67":{"start":{"line":156,"column":4},"end":{"line":158,"column":5}},"68":{"start":{"line":157,"column":6},"end":{"line":157,"column":42}},"69":{"start":{"line":160,"column":4},"end":{"line":160,"column":14}},"70":{"start":{"line":164,"column":4},"end":{"line":164,"column":72}},"71":{"start":{"line":165,"column":4},"end":{"line":165,"column":90}},"72":{"start":{"line":167,"column":4},"end":{"line":170,"column":5}},"73":{"start":{"line":168,"column":6},"end":{"line":168,"column":92}},"74":{"start":{"line":169,"column":6},"end":{"line":169,"column":77}},"75":{"start":{"line":172,"column":4},"end":{"line":176,"column":5}},"76":{"start":{"line":173,"column":6},"end":{"line":173,"column":82}},"77":{"start":{"line":174,"column":6},"end":{"line":174,"column":78}},"78":{"start":{"line":175,"column":6},"end":{"line":175,"column":57}},"79":{"start":{"line":178,"column":4},"end":{"line":186,"column":20}},"80":{"start":{"line":188,"column":4},"end":{"line":194,"column":5}},"81":{"start":{"line":189,"column":6},"end":{"line":193,"column":9}},"82":{"start":{"line":190,"column":8},"end":{"line":190,"column":42}},"83":{"start":{"line":192,"column":8},"end":{"line":192,"column":42}},"84":{"start":{"line":196,"column":4},"end":{"line":196,"column":23}},"85":{"start":{"line":200,"column":4},"end":{"line":200,"column":21}},"86":{"start":{"line":202,"column":4},"end":{"line":208,"column":5}},"87":{"start":{"line":203,"column":6},"end":{"line":207,"column":10}},"88":{"start":{"line":206,"column":8},"end":{"line":206,"column":96}},"89":{"start":{"line":210,"column":4},"end":{"line":212,"column":5}},"90":{"start":{"line":211,"column":6},"end":{"line":211,"column":58}},"91":{"start":{"line":214,"column":4},"end":{"line":222,"column":14}},"92":{"start":{"line":215,"column":6},"end":{"line":217,"column":7}},"93":{"start":{"line":216,"column":8},"end":{"line":216,"column":20}},"94":{"start":{"line":219,"column":6},"end":{"line":219,"column":57}},"95":{"start":{"line":221,"column":6},"end":{"line":221,"column":19}},"96":{"start":{"line":224,"column":4},"end":{"line":224,"column":33}},"97":{"start":{"line":228,"column":4},"end":{"line":228,"column":46}},"98":{"start":{"line":229,"column":4},"end":{"line":229,"column":41}},"99":{"start":{"line":230,"column":4},"end":{"line":230,"column":31}},"100":{"start":{"line":232,"column":4},"end":{"line":252,"column":6}},"101":{"start":{"line":234,"column":6},"end":{"line":236,"column":7}},"102":{"start":{"line":235,"column":8},"end":{"line":235,"column":20}},"103":{"start":{"line":238,"column":6},"end":{"line":238,"column":87}},"104":{"start":{"line":240,"column":6},"end":{"line":248,"column":7}},"105":{"start":{"line":241,"column":8},"end":{"line":245,"column":11}},"106":{"start":{"line":247,"column":8},"end":{"line":247,"column":35}},"107":{"start":{"line":251,"column":6},"end":{"line":251,"column":45}},"108":{"start":{"line":254,"column":4},"end":{"line":254,"column":35}},"109":{"start":{"line":258,"column":4},"end":{"line":258,"column":19}},"110":{"start":{"line":259,"column":4},"end":{"line":259,"column":36}},"111":{"start":{"line":261,"column":4},"end":{"line":263,"column":5}},"112":{"start":{"line":262,"column":6},"end":{"line":262,"column":46}},"113":{"start":{"line":265,"column":4},"end":{"line":267,"column":7}},"114":{"start":{"line":271,"column":4},"end":{"line":271,"column":29}},"115":{"start":{"line":271,"column":17},"end":{"line":271,"column":27}},"116":{"start":{"line":272,"column":4},"end":{"line":272,"column":21}},"117":{"start":{"line":274,"column":4},"end":{"line":279,"column":8}},"118":{"start":{"line":277,"column":8},"end":{"line":277,"column":49}}},"branchMap":{"1":{"line":33,"type":"binary-expr","locations":[{"start":{"line":33,"column":20},"end":{"line":33,"column":47}},{"start":{"line":33,"column":51},"end":{"line":33,"column":65}}]},"2":{"line":53,"type":"if","locations":[{"start":{"line":53,"column":4},"end":{"line":53,"column":4}},{"start":{"line":53,"column":4},"end":{"line":53,"column":4}}]},"3":{"line":53,"type":"binary-expr","locations":[{"start":{"line":53,"column":8},"end":{"line":53,"column":22}},{"start":{"line":53,"column":26},"end":{"line":53,"column":45}}]},"4":{"line":61,"type":"if","locations":[{"start":{"line":61,"column":4},"end":{"line":61,"column":4}},{"start":{"line":61,"column":4},"end":{"line":61,"column":4}}]},"5":{"line":61,"type":"binary-expr","locations":[{"start":{"line":61,"column":8},"end":{"line":61,"column":23}},{"start":{"line":61,"column":27},"end":{"line":61,"column":61}},{"start":{"line":61,"column":65},"end":{"line":61,"column":95}}]},"6":{"line":66,"type":"if","locations":[{"start":{"line":66,"column":6},"end":{"line":66,"column":6}},{"start":{"line":66,"column":6},"end":{"line":66,"column":6}}]},"7":{"line":67,"type":"if","locations":[{"start":{"line":67,"column":6},"end":{"line":67,"column":6}},{"start":{"line":67,"column":6},"end":{"line":67,"column":6}}]},"8":{"line":82,"type":"if","locations":[{"start":{"line":82,"column":4},"end":{"line":82,"column":4}},{"start":{"line":82,"column":4},"end":{"line":82,"column":4}}]},"9":{"line":82,"type":"binary-expr","locations":[{"start":{"line":82,"column":8},"end":{"line":82,"column":30}},{"start":{"line":82,"column":34},"end":{"line":82,"column":63}}]},"10":{"line":93,"type":"if","locations":[{"start":{"line":93,"column":4},"end":{"line":93,"column":4}},{"start":{"line":93,"column":4},"end":{"line":93,"column":4}}]},"11":{"line":93,"type":"binary-expr","locations":[{"start":{"line":93,"column":8},"end":{"line":93,"column":12}},{"start":{"line":93,"column":16},"end":{"line":93,"column":42}}]},"12":{"line":112,"type":"if","locations":[{"start":{"line":112,"column":4},"end":{"line":112,"column":4}},{"start":{"line":112,"column":4},"end":{"line":112,"column":4}}]},"13":{"line":116,"type":"if","locations":[{"start":{"line":116,"column":4},"end":{"line":116,"column":4}},{"start":{"line":116,"column":4},"end":{"line":116,"column":4}}]},"14":{"line":117,"type":"binary-expr","locations":[{"start":{"line":117,"column":23},"end":{"line":117,"column":39}},{"start":{"line":117,"column":43},"end":{"line":117,"column":45}}]},"15":{"line":121,"type":"binary-expr","locations":[{"start":{"line":121,"column":17},"end":{"line":121,"column":31}},{"start":{"line":121,"column":35},"end":{"line":121,"column":54}},{"start":{"line":121,"column":58},"end":{"line":121,"column":71}}]},"16":{"line":125,"type":"if","locations":[{"start":{"line":125,"column":4},"end":{"line":125,"column":4}},{"start":{"line":125,"column":4},"end":{"line":125,"column":4}}]},"17":{"line":125,"type":"binary-expr","locations":[{"start":{"line":125,"column":8},"end":{"line":125,"column":30}},{"start":{"line":125,"column":34},"end":{"line":125,"column":62}}]},"18":{"line":133,"type":"if","locations":[{"start":{"line":133,"column":4},"end":{"line":133,"column":4}},{"start":{"line":133,"column":4},"end":{"line":133,"column":4}}]},"19":{"line":133,"type":"binary-expr","locations":[{"start":{"line":133,"column":8},"end":{"line":133,"column":24}},{"start":{"line":133,"column":28},"end":{"line":133,"column":49}},{"start":{"line":133,"column":53},"end":{"line":133,"column":81}}]},"20":{"line":137,"type":"if","locations":[{"start":{"line":137,"column":4},"end":{"line":137,"column":4}},{"start":{"line":137,"column":4},"end":{"line":137,"column":4}}]},"21":{"line":137,"type":"binary-expr","locations":[{"start":{"line":137,"column":8},"end":{"line":137,"column":15}},{"start":{"line":137,"column":19},"end":{"line":137,"column":34}},{"start":{"line":137,"column":38},"end":{"line":137,"column":59}}]},"22":{"line":152,"type":"if","locations":[{"start":{"line":152,"column":4},"end":{"line":152,"column":4}},{"start":{"line":152,"column":4},"end":{"line":152,"column":4}}]},"23":{"line":156,"type":"if","locations":[{"start":{"line":156,"column":4},"end":{"line":156,"column":4}},{"start":{"line":156,"column":4},"end":{"line":156,"column":4}}]},"24":{"line":165,"type":"binary-expr","locations":[{"start":{"line":165,"column":66},"end":{"line":165,"column":82}},{"start":{"line":165,"column":86},"end":{"line":165,"column":88}}]},"25":{"line":167,"type":"if","locations":[{"start":{"line":167,"column":4},"end":{"line":167,"column":4}},{"start":{"line":167,"column":4},"end":{"line":167,"column":4}}]},"26":{"line":172,"type":"if","locations":[{"start":{"line":172,"column":4},"end":{"line":172,"column":4}},{"start":{"line":172,"column":4},"end":{"line":172,"column":4}}]},"27":{"line":188,"type":"if","locations":[{"start":{"line":188,"column":4},"end":{"line":188,"column":4}},{"start":{"line":188,"column":4},"end":{"line":188,"column":4}}]},"28":{"line":202,"type":"if","locations":[{"start":{"line":202,"column":4},"end":{"line":202,"column":4}},{"start":{"line":202,"column":4},"end":{"line":202,"column":4}}]},"29":{"line":210,"type":"if","locations":[{"start":{"line":210,"column":4},"end":{"line":210,"column":4}},{"start":{"line":210,"column":4},"end":{"line":210,"column":4}}]},"30":{"line":215,"type":"if","locations":[{"start":{"line":215,"column":6},"end":{"line":215,"column":6}},{"start":{"line":215,"column":6},"end":{"line":215,"column":6}}]},"31":{"line":234,"type":"if","locations":[{"start":{"line":234,"column":6},"end":{"line":234,"column":6}},{"start":{"line":234,"column":6},"end":{"line":234,"column":6}}]},"32":{"line":238,"type":"binary-expr","locations":[{"start":{"line":238,"column":28},"end":{"line":238,"column":68}},{"start":{"line":238,"column":72},"end":{"line":238,"column":86}}]},"33":{"line":240,"type":"if","locations":[{"start":{"line":240,"column":6},"end":{"line":240,"column":6}},{"start":{"line":240,"column":6},"end":{"line":240,"column":6}}]},"34":{"line":240,"type":"binary-expr","locations":[{"start":{"line":240,"column":10},"end":{"line":240,"column":36}},{"start":{"line":240,"column":40},"end":{"line":240,"column":90}}]},"35":{"line":261,"type":"if","locations":[{"start":{"line":261,"column":4},"end":{"line":261,"column":4}},{"start":{"line":261,"column":4},"end":{"line":261,"column":4}}]},"36":{"line":261,"type":"binary-expr","locations":[{"start":{"line":261,"column":8},"end":{"line":261,"column":25}},{"start":{"line":261,"column":29},"end":{"line":261,"column":53}}]},"37":{"line":271,"type":"if","locations":[{"start":{"line":271,"column":4},"end":{"line":271,"column":4}},{"start":{"line":271,"column":4},"end":{"line":271,"column":4}}]},"38":{"line":275,"type":"binary-expr","locations":[{"start":{"line":275,"column":17},"end":{"line":275,"column":33}},{"start":{"line":275,"column":37},"end":{"line":275,"column":58}},{"start":{"line":275,"column":62},"end":{"line":275,"column":90}}]}},"code":["/* jshint node: true */","","'use strict';","","/**"," * Copyright 2015, Yahoo! Inc."," * Copyrights licensed under the New BSD License. See the accompanying LICENSE file for terms."," */","","let WatchedDir = require('broccoli-source').WatchedDir;","let stringify = require('json-stable-stringify');","let mergeTrees = require('broccoli-merge-trees');","let extract = require('broccoli-cldr-data');","let funnel = require('broccoli-funnel');","let existsSync = require('exists-sync');","let walkSync = require('walk-sync');","let path = require('path');","","let utils = require('./lib/utils');","let TranslationReducer = require('./lib/broccoli/translation-reducer');","","module.exports = {","  name: 'ember-intl',","  addonOptions: null,","  isLocalizationFramework: true,","","  included() {","    this._super.included.apply(this, arguments);","","    let app = this.app = this._findHost();","    this.addonOptions = this.intlConfig(app.env);","","    let inputPath = this.addonOptions.inputPath || 'translations';","    this.hasTranslationDir = existsSync(path.join(app.project.root, inputPath));","    this.projectLocales = this.findLocales();","","    let projectTranslations = new WatchedDir(inputPath);","","    let addonTranslations = this.findIntlAddons().map(function(addon) {","      return funnel(addon.path, {","        srcDir: addon.translationPath,","        destDir: `__addon__${addon.name}`","      });","    }, this);","","    this.translationTree = this.mergeTranslationTrees(projectTranslations, addonTranslations);","  },","","  outputPaths() {","    let assetPath = 'assets/intl';","    let appOptions = this.app.options;","","    if (appOptions.app && appOptions.app.intl) {","      assetPath = appOptions.app.intl;","    }","","    return assetPath;","  },","","  contentFor(name, config) {","    if (name === 'head' && !this.addonOptions.disablePolyfill && this.addonOptions.autoPolyfill) {","      let assetPath = this.outputPaths();","      let locales = this.findLocales();","      let prefix = '';","","      if (config.rootURL) { prefix += config.rootURL; }","      if (assetPath) { prefix += assetPath; }","","      let localeScripts = locales.map(function(locale) {","        return `<script src=\"${prefix}/locales/${locale}.js\"></script>`;","      });","","      return [`<script src=\"${prefix}/intl.min.js\"></script>`]","        .concat(localeScripts)","        .join('\\n');","    }","  },","","  treeForApp(tree) {","    let trees = [tree];","","    if (this.hasTranslationDir && !this.addonOptions.publicOnly) {","      trees.push(this.reduceTranslations({","        filename(key) {","          return `${key}.js`;","        },","        wrapEntry(obj) {","          return `export default ${stringify(obj)};`;","        }","      }));","    }","","    if (tree && this.projectLocales.length) {","      let cldrTree = extract(tree, {","        locales: this.projectLocales,","        relativeFields: true,","        destDir: 'cldrs',","        prelude: '/*jslint eqeq: true*/\\n',","        moduleType: 'es6'","      });","","      trees.push(cldrTree);","    }","","    return mergeTrees(trees, { overwrite: true });","  },","","  treeForPublic() {","    let publicTree = this._super.treeForPublic.apply(this, arguments);","    let trees = [];","","    if (publicTree) {","      trees.push(publicTree);","    }","","    if (!this.addonOptions.disablePolyfill) {","      let appOptions = this.app.options || {};","","      trees.push(require('./lib/broccoli/intl-polyfill')({","        locales: this.projectLocales,","        destDir: appOptions.app && appOptions.app.intl || 'assets/intl'","      }));","    }","","    if (this.hasTranslationDir && this.addonOptions.publicOnly) {","      trees.push(this.reduceTranslations());","    }","","    return mergeTrees(trees, { overwrite: true });","  },","","  log(msg, options) {","    if (this.app.options && this.app.options.intl && this.app.options.intl.silent) {","      return;","    }","","    if (options && options.warning && this.ui.writeWarnLine) {","      this.ui.writeWarnLine(`[ember-intl] ${msg}`);","    } else {","      this.ui.writeLine(`[ember-intl] ${msg}`);","    }","  },","","  readConfig(environment) {","    let project = this.app.project;","","    // NOTE: For ember-cli >= 2.6.0-beta.3, project.configPath() returns absolute path","    // while older ember-cli versions return path relative to project root","    let configPath = path.dirname(project.configPath());","    let config = path.join(configPath, 'ember-intl.js');","","    if (!path.isAbsolute(config)) {","      config = path.join(project.root, config);","    }","","    if (existsSync(config)) {","      return require(config)(environment);","    }","","    return {};","  },","","  intlConfig(environment) {","    let deprecatedConfig = this.app.project.config(environment)['intl'];","    let addonConfig = Object.assign(this.readConfig(environment), deprecatedConfig || {});","","    if (deprecatedConfig) {","      this.log('DEPRECATION: intl configuration should be moved into config/ember-intl.js');","      this.log('Run `ember g ember-intl-config` to create a default config');","    }","","    if (addonConfig.defaultLocale) {","      this.log('DEPRECATION: defaultLocale is deprecated in favor of baseLocale');","      this.log('Please update config/ember-intl.js or config/environment.js');","      addonConfig.baseLocale = addonConfig.defaultLocale;","    }","","    addonConfig = Object.assign({","      locales: null,","      baseLocale: null,","      publicOnly: false,","      disablePolyfill: false,","      autoPolyfill: false,","      inputPath: 'translations',","      outputPath: 'translations'","    }, addonConfig);","","    if (addonConfig.locales) {","      addonConfig.locales = utils.castArray(addonConfig.locales).filter(function(locale) {","        return typeof locale === 'string';","      }).map(function(locale) {","        return locale.toLocaleLowerCase();","      });","    }","","    return addonConfig;","  },","","  findLocales() {","    let locales = [];","","    if (this.hasTranslationDir) {","      locales = locales.concat(walkSync(path.join(this.app.project.root, this.addonOptions.inputPath), {","        directories: false","      }).map(function(filename) {","        return path.basename(filename, path.extname(filename)).toLowerCase().replace(/_/g, '-');","      }));","    }","","    if (this.addonOptions.locales) {","      locales = locales.concat(this.addonOptions.locales);","    }","","    locales = locales.concat(locales.filter(function(locale) {","      if (utils.isSupportedLocale(locale)) {","        return true;","      }","","      this.log(`'${locale}' is not a valid locale name`);","","      return false;","    }, this));","","    return utils.unique(locales);","  },","","  findIntlAddons() {","    let projectName = this.app.project.name();","    let addons = this.app.project.addons;","    let registered = new Set();","","    let find = function(list, addon) {","      // Only handle each addon once","      if (registered.has(addon.name)) {","        return list;","      }","","      let translationPath = addon.pkg['ember-addon'].translationPath || 'translations';","","      if (projectName !== addon.name && existsSync(path.join(addon.root, translationPath))) {","        list.push({","          name: addon.name,","          translationPath: translationPath,","          path: addon.root","        });","","        registered.add(addon.name);","      }","","      // Recursively load all child addons","      return addon.addons.reduce(find, list);","    };","","    return addons.reduce(find, []);","  },","","  mergeTranslationTrees(projectTranslations, addonTranslations) {","    let trees = [];","    trees.push(projectTranslations);","","    if (addonTranslations && addonTranslations.length) {","      trees = trees.concat(addonTranslations);","    }","","    return funnel(mergeTrees(trees), {","      include: ['**/*.yaml', '**/*.yml', '**/*.json']","    });","  },","","  reduceTranslations(opts) {","    if (!opts) { opts = {}; }","    let addon = this;","","    return new TranslationReducer([this.translationTree], Object.assign({}, this.addonOptions, opts, {","      verbose: !(this.app.options && this.app.options.intl && this.app.options.intl.silent),","      log() {","        return addon.log.apply(addon, arguments);","      }","    }));","  }","};",""],"l":{"10":1,"11":1,"12":1,"13":1,"14":1,"15":1,"16":1,"17":1,"19":1,"20":1,"22":1,"28":0,"30":0,"31":0,"33":0,"34":0,"35":0,"37":0,"39":0,"40":0,"46":0,"50":0,"51":0,"53":0,"54":0,"57":0,"61":0,"62":0,"63":0,"64":0,"66":0,"67":0,"69":0,"70":0,"73":0,"80":0,"82":0,"83":0,"85":0,"88":0,"93":0,"94":0,"102":0,"105":0,"109":0,"110":0,"112":0,"113":0,"116":0,"117":0,"119":0,"125":0,"126":0,"129":0,"133":0,"134":0,"137":0,"138":0,"140":0,"145":0,"149":0,"150":0,"152":0,"153":0,"156":0,"157":0,"160":0,"164":0,"165":0,"167":0,"168":0,"169":0,"172":0,"173":0,"174":0,"175":0,"178":0,"188":0,"189":0,"190":0,"192":0,"196":0,"200":0,"202":0,"203":0,"206":0,"210":0,"211":0,"214":0,"215":0,"216":0,"219":0,"221":0,"224":0,"228":0,"229":0,"230":0,"232":0,"234":0,"235":0,"238":0,"240":0,"241":0,"247":0,"251":0,"254":0,"258":0,"259":0,"261":0,"262":0,"265":0,"271":0,"272":0,"274":0,"277":0}},"/home/travis/build/npmtest/node-npmtest-ember-intl/node_modules/ember-intl/lib/utils/index.js":{"path":"/home/travis/build/npmtest/node-npmtest-ember-intl/node_modules/ember-intl/lib/utils/index.js","s":{"1":1},"b":{},"f":{},"fnMap":{},"statementMap":{"1":{"start":{"line":10,"column":0},"end":{"line":14,"column":2}}},"branchMap":{},"code":["/* jshint node: true */","","'use strict';","","/**"," * Copyright 2015, Yahoo! Inc."," * Copyrights licensed under the New BSD License. See the accompanying LICENSE file for terms."," */","","module.exports = {","  unique: require('./unique'),","  castArray: require('./cast-array'),","  isSupportedLocale: require('./is-supported-locale')","};",""],"l":{"10":1}},"/home/travis/build/npmtest/node-npmtest-ember-intl/node_modules/ember-intl/lib/utils/unique.js":{"path":"/home/travis/build/npmtest/node-npmtest-ember-intl/node_modules/ember-intl/lib/utils/unique.js","s":{"1":1,"2":1,"3":0,"4":0,"5":0,"6":0,"7":0,"8":0,"9":0,"10":0,"11":1},"b":{"1":[0,0],"2":[0,0]},"f":{"1":0},"fnMap":{"1":{"name":"unique","line":12,"loc":{"start":{"line":12,"column":0},"end":{"line":12,"column":23}}}},"statementMap":{"1":{"start":{"line":10,"column":0},"end":{"line":10,"column":40}},"2":{"start":{"line":12,"column":0},"end":{"line":26,"column":1}},"3":{"start":{"line":13,"column":2},"end":{"line":13,"column":34}},"4":{"start":{"line":
[...]
"start":{"line":34,"column":6},"end":{"line":34,"column":71}},"20":{"start":{"line":36,"column":6},"end":{"line":36,"column":65}},"21":{"start":{"line":36,"column":45},"end":{"line":36,"column":63}},"22":{"start":{"line":37,"column":6},"end":{"line":39,"column":9}},"23":{"start":{"line":38,"column":8},"end":{"line":38,"column":81}},"24":{"start":{"line":41,"column":6},"end":{"line":47,"column":7}},"25":{"start":{"line":42,"column":8},"end":{"line":46,"column":9}},"26":{"start":{"line":43,"column":10},"end":{"line":43,"column":68}},"27":{"start":{"line":45,"column":10},"end":{"line":45,"column":67}},"28":{"start":{"line":51,"column":6},"end":{"line":53,"column":63}},"29":{"start":{"line":52,"column":19},"end":{"line":52,"column":37}},"30":{"start":{"line":53,"column":28},"end":{"line":53,"column":48}},"31":{"start":{"line":55,"column":6},"end":{"line":57,"column":7}},"32":{"start":{"line":56,"column":8},"end":{"line":56,"column":46}},"33":{"start":{"line":64,"column":4},"end":{"line":68,"column":6}},"34":{"start":{"line":74,"column":4},"end":{"line":78,"column":6}},"35":{"start":{"line":84,"column":4},"end":{"line":84,"column":37}},"36":{"start":{"line":88,"column":0},"end":{"line":88,"column":33}}},"branchMap":{"1":{"line":14,"type":"binary-expr","locations":[{"start":{"line":14,"column":11},"end":{"line":14,"column":17}},{"start":{"line":14,"column":21},"end":{"line":14,"column":23}}]},"2":{"line":26,"type":"if","locations":[{"start":{"line":26,"column":6},"end":{"line":26,"column":6}},{"start":{"line":26,"column":6},"end":{"line":26,"column":6}}]},"3":{"line":30,"type":"if","locations":[{"start":{"line":30,"column":6},"end":{"line":30,"column":6}},{"start":{"line":30,"column":6},"end":{"line":30,"column":6}}]},"4":{"line":34,"type":"cond-expr","locations":[{"start":{"line":34,"column":42},"end":{"line":34,"column":55}},{"start":{"line":34,"column":58},"end":{"line":34,"column":70}}]},"5":{"line":38,"type":"binary-expr","locations":[{"start":{"line":38,"column":15},"end":{"line":38,"column":54}},{"start":{"line":38,"column":58},"end":{"line":38,"column":80}}]},"6":{"line":41,"type":"if","locations":[{"start":{"line":41,"column":6},"end":{"line":41,"column":6}},{"start":{"line":41,"column":6},"end":{"line":41,"column":6}}]},"7":{"line":42,"type":"if","locations":[{"start":{"line":42,"column":8},"end":{"line":42,"column":8}},{"start":{"line":42,"column":8},"end":{"line":42,"column":8}}]},"8":{"line":55,"type":"if","locations":[{"start":{"line":55,"column":6},"end":{"line":55,"column":6}},{"start":{"line":55,"column":6},"end":{"line":55,"column":6}}]},"9":{"line":65,"type":"cond-expr","locations":[{"start":{"line":66,"column":10},"end":{"line":66,"column":53}},{"start":{"line":67,"column":10},"end":{"line":67,"column":63}}]},"10":{"line":75,"type":"cond-expr","locations":[{"start":{"line":76,"column":10},"end":{"line":76,"column":54}},{"start":{"line":77,"column":10},"end":{"line":77,"column":64}}]}},"code":["/* jshint node: true */","","'use strict';","","const messageParser = require('intl-messageformat-parser');","","const pluralCategories = require('./plural-categories');","const ordinalCategories = require('./ordinal-categories');","const traverse = require('./ast-traverse');","","function validateMessage(message, locale) {","  let ast = messageParser.parse(message);","","  locale = locale || '';","","  let language = locale.split('-')[0];","  let validPlurals = pluralCategories[language];","  let validOrdinals = ordinalCategories[language];","","  traverse(ast, {","    pluralFormat: node => {","      let hasOtherSelector = node.options","        .map(it => it.selector.trim())","        .filter(selector => selector === 'other').length !== 0;","","      if (!hasOtherSelector) {","        throw new MissingOtherSelectorError();","      }","","      if (!locale) {","        return;","      }","","      let validSelectors = node.ordinal ? validOrdinals : validPlurals;","","      let selectors = node.options.map(it => it.selector.trim());","      let invalidSelectors = selectors.filter(selector => {","        return validSelectors.indexOf(selector) === -1 && !/=\\d+/.test(selector);","      });","","      if (invalidSelectors.length) {","        if (node.ordinal) {","          throw new UnknownOrdinalCategoriesError(invalidSelectors);","        } else {","          throw new UnknownPluralCategoriesError(invalidSelectors);","        }","      }","    },","","    selectFormat: node => {","      let hasOtherSelector = node.options","        .map(it => it.selector.trim())","        .filter(selector => selector === 'other').length !== 0;","","      if (!hasOtherSelector) {","        throw new MissingOtherSelectorError();","      }","    }","  });","}","","class UnknownPluralCategoriesError extends Error {","  constructor(categories) {","    super(","      categories.length === 1","        ? `Unknown plural category: ${categories[0]}`","        : `Unknown plural categories: ${categories.join(', ')}`","    );","  }","}","","class UnknownOrdinalCategoriesError extends Error {","  constructor(categories) {","    super(","      categories.length === 1","        ? `Unknown ordinal category: ${categories[0]}`","        : `Unknown ordinal categories: ${categories.join(', ')}`","    );","  }","}","","class MissingOtherSelectorError extends Error {","  constructor() {","    super('Missing selector: other');","  }","}","","module.exports = validateMessage;",""],"l":{"5":1,"7":1,"8":1,"9":1,"11":1,"12":0,"14":0,"16":0,"17":0,"18":0,"20":0,"22":0,"23":0,"24":0,"26":0,"27":0,"30":0,"31":0,"34":0,"36":0,"37":0,"38":0,"41":0,"42":0,"43":0,"45":0,"51":0,"52":0,"53":0,"55":0,"56":0,"64":0,"74":0,"84":0,"88":1}},"/home/travis/build/npmtest/node-npmtest-ember-intl/node_modules/ember-intl/lib/utils/plural-categories.js":{"path":"/home/travis/build/npmtest/node-npmtest-ember-intl/node_modules/ember-intl/lib/utils/plural-categories.js","s":{"1":1,"2":1,"3":1,"4":1,"5":200,"6":435,"7":1,"8":1},"b":{},"f":{"1":1},"fnMap":{"1":{"name":"extractPluralCategories","line":5,"loc":{"start":{"line":5,"column":0},"end":{"line":5,"column":35}}}},"statementMap":{"1":{"start":{"line":5,"column":0},"end":{"line":14,"column":1}},"2":{"start":{"line":6,"column":2},"end":{"line":6,"column":101}},"3":{"start":{"line":8,"column":2},"end":{"line":8,"column":28}},"4":{"start":{"line":9,"column":2},"end":{"line":11,"column":5}},"5":{"start":{"line":10,"column":4},"end":{"line":10,"column":109}},"6":{"start":{"line":10,"column":71},"end":{"line":10,"column":107}},"7":{"start":{"line":13,"column":2},"end":{"line":13,"column":26}},"8":{"start":{"line":16,"column":0},"end":{"line":16,"column":43}}},"branchMap":{},"code":["/* jshint node: true */","","'use strict';","","function extractPluralCategories() {","  let plurals = require('cldr-core/supplemental/plurals.json').supplemental['plurals-type-cardinal'];","","  let pluralCategories = {};","  Object.keys(plurals).forEach(locale => {","    pluralCategories[locale] = Object.keys(plurals[locale]).map(key => key.replace('pluralRule-count-', ''));","  });","","  return pluralCategories;","}","","module.exports = extractPluralCategories();",""],"l":{"5":1,"6":1,"8":1,"9":1,"10":435,"13":1,"16":1}},"/home/travis/build/npmtest/node-npmtest-ember-intl/node_modules/ember-intl/lib/utils/ordinal-categories.js":{"path":"/home/travis/build/npmtest/node-npmtest-ember-intl/node_modules/ember-intl/lib/utils/ordinal-categories.js","s":{"1":1,"2":1,"3":1,"4":1,"5":86,"6":143,"7":1,"8":1},"b":{},"f":{"1":1},"fnMap":{"1":{"name":"extractOrdinalCategories","line":5,"loc":{"start":{"line":5,"column":0},"end":{"line":5,"column":36}}}},"statementMap":{"1":{"start":{"line":5,"column":0},"end":{"line":14,"column":1}},"2":{"start":{"line":6,"column":2},"end":{"line":6,"column":102}},"3":{"start":{"line":8,"column":2},"end":{"line":8,"column":29}},"4":{"start":{"line":9,"column":2},"end":{"line":11,"column":5}},"5":{"start":{"line":10,"column":4},"end":{"line":10,"column":111}},"6":{"start":{"line":10,"column":73},"end":{"line":10,"column":109}},"7":{"start":{"line":13,"column":2},"end":{"line":13,"column":27}},"8":{"start":{"line":16,"column":0},"end":{"line":16,"column":44}}},"branchMap":{},"code":["/* jshint node: true */","","'use strict';","","function extractOrdinalCategories() {","  let ordinals = require('cldr-core/supplemental/ordinals.json').supplemental['plurals-type-ordinal'];","","  let ordinalCategories = {};","  Object.keys(ordinals).forEach(locale => {","    ordinalCategories[locale] = Object.keys(ordinals[locale]).map(key => key.replace('pluralRule-count-', ''));","  });","","  return ordinalCategories;","}","","module.exports = extractOrdinalCategories();",""],"l":{"5":1,"6":1,"8":1,"9":1,"10":143,"13":1,"16":1}},"/home/travis/build/npmtest/node-npmtest-ember-intl/node_modules/ember-intl/lib/utils/ast-traverse.js":{"path":"/home/travis/build/npmtest/node-npmtest-ember-intl/node_modules/ember-intl/lib/utils/ast-traverse.js","s":{"1":1,"2":0,"3":0,"4":0,"5":0,"6":0,"7":0,"8":0,"9":0,"10":0,"11":0,"12":0,"13":0,"14":0,"15":0,"16":0,"17":0,"18":0,"19":0,"20":1},"b":{"1":[0,0],"2":[0,0],"3":[0,0],"4":[0,0,0,0,0]},"f":{"1":0},"fnMap":{"1":{"name":"traverse","line":5,"loc":{"start":{"line":5,"column":0},"end":{"line":5,"column":33}}}},"statementMap":{"1":{"start":{"line":5,"column":0},"end":{"line":36,"column":1}},"2":{"start":{"line":6,"column":2},"end":{"line":8,"column":3}},"3":{"start":{"line":7,"column":4},"end":{"line":7,"column":11}},"4":{"start":{"line":10,"column":2},"end":{"line":12,"column":3}},"5":{"start":{"line":11,"column":4},"end":{"line":11,"column":29}},"6":{"start":{"line":14,"column":2},"end":{"line":35,"column":3}},"7":{"start":{"line":16,"column":6},"end":{"line":16,"column":57}},"8":{"start":{"line":16,"column":34},"end":{"line":16,"column":55}},"9":{"start":{"line":17,"column":6},"end":{"line":17,"column":12}},"10":{"start":{"line":20,"column":6},"end":{"line":20,"column":37}},"11":{"start":{"line":21,"column":6},"end":{"line":21,"column":12}},"12":{"start":{"line":24,"column":6},"end":{"line":24,"column":36}},"13":{"start":{"line":25,"column":6},"end":{"line":25,"column":12}},"14":{"start":{"line":28,"column":6},"end":{"line":28,"column":56}},"15":{"start":{"line":28,"column":33},"end":{"line":28,"column":54}},"16":{"start":{"line":29,"column":6},"end":{"line":29,"column":12}},"17":{"start":{"line":32,"column":6},"end":{"line":32,"column":56}},"18":{"start":{"line":32,"column":33},"end":{"line":32,"column":54}},"19":{"start":{"line":33,"column":6},"end":{"line":33,"column":12}},"20":{"start":{"line":38,"column":0},"end":{"line":38,"column":26}}},"branchMap":{"1":{"line":6,"type":"if","locations":[{"start":{"line":6,"column":2},"end":{"line":6,"column":2}},{"start":{"line":6,"column":2},"end":{"line":6,"column":2}}]},"2":{"line":6,"type":"binary-expr","locations":[{"start":{"line":6,"column":6},"end":{"line":6,"column":11}},{"start":{"line":6,"column":15},"end":{"line":6,"column":25}}]},"3":{"line":10,"type":"if","locations":[{"start":{"line":10,"column":2},"end":{"line":10,"column":2}},{"start":{"line":10,"column":2},"end":{"line":10,"column":2}}]},"4":{"line":14,"type":"switch","locations":[{"start":{"line":15,"column":4},"end":{"line":18,"column":5}},{"start":{"line":19,"column":4},"end":{"line":22,"column":5}},{"start":{"line":23,"column":4},"end":{"line":26,"column":5}},{"start":{"line":27,"column":4},"end":{"line":30,"column":5}},{"start":{"line":31,"column":4},"end":{"line":34,"column":5}}]}},"code":["/* jshint node: true */","","'use strict';","","function traverse(node, visitor) {","  if (!node || !node.type) {","    return;","  }","","  if (visitor[node.type]) {","    visitor[node.type](node);","  }","","  switch (node.type) {","    case 'messageFormatPattern': {","      node.elements.forEach(it => traverse(it, visitor));","      break;","    }","    case 'argumentElement': {","      traverse(node.format, visitor);","      break;","    }","    case 'optionalFormatPattern': {","      traverse(node.value, visitor);","      break;","    }","    case 'pluralFormat': {","      node.options.forEach(it => traverse(it, visitor));","      break;","    }","    case 'selectFormat': {","      node.options.forEach(it => traverse(it, visitor));","      break;","    }","  }","}","","module.exports = traverse;",""],"l":{"5":1,"6":0,"7":0,"10":0,"11":0,"14":0,"16":0,"17":0,"20":0,"21":0,"24":0,"25":0,"28":0,"29":0,"32":0,"33":0,"38":1}},"/home/travis/build/npmtest/node-npmtest-ember-intl/node_modules/ember-intl/.eslintrc.js":{"path":"/home/travis/build/npmtest/node-npmtest-ember-intl/node_modules/ember-intl/.eslintrc.js","s":{"1":1},"b":{},"f":{},"fnMap":{},"statementMap":{"1":{"start":{"line":1,"column":0},"end":{"line":20,"column":2}}},"branchMap":{},"code":["module.exports = {","  root: true,","  parserOptions: {","    ecmaVersion: 6,","    sourceType: 'module'","  },","  extends: 'eslint:recommended',","  plugins: [","    \"prettier\"","  ],","  env: {","    browser: true","  },","  rules: {","    \"prettier/prettier\": [\"error\", {","      \"singleQuote\": true,","      \"printWidth\": 120","    }]","  }","};",""],"l":{"1":1}},"/home/travis/build/npmtest/node-npmtest-ember-intl/node_modules/ember-intl/config/ember-intl.js":{"path":"/home/travis/build/npmtest/node-npmtest-ember-intl/node_modules/ember-intl/config/ember-intl.js","s":{"1":1,"2":0},"b":{},"f":{"1":0},"fnMap":{"1":{"name":"(anonymous_1)","line":3,"loc":{"start":{"line":3,"column":17},"end":{"line":3,"column":39}}}},"statementMap":{"1":{"start":{"line":3,"column":0},"end":{"line":63,"column":2}},"2":{"start":{"line":4,"column":2},"end":{"line":62,"column":4}}},"branchMap":{},"code":["/*jshint node:true*/","","module.exports = function(environment) {","  return {","    /**","    * The locales that are application supports.","    *","    * This is optional and is automatically set if project stores translations","    * where ember-intl is able to look them up (<project root>/translations/).","    *","    * If the project relies on side-loading translations, then you must explicitly","    * list out the locales. i.e: ['en-us', 'en-gb', 'fr-fr']","    *","    * @property locales","    * @type {Array?}","    * @default \"null\"","    */","    locales: null,","","    /**","    * baseLocale is used to determine if translation keys are missing from other locales.","    * This property is optional, and if you rely on sideloading translations then","    * this should be null","    *","    * @property baseLocale","    * @type {String?}","    * @default \"null\"","    */","    baseLocale: null,","","    /**","    * autoPolyfill, when true will automatically inject the IntlJS polyfill","    * into index.html","    *","    * @property autoPolyfill","    * @type {Boolean}","    * @default \"false\"","    */","    autoPolyfill: false,","","    /**","    * disablePolyfill prevents the polyfill from being bundled in the asset folder of the build","    *","    * @property disablePolyfill","    * @type {Boolean}","    * @default \"false\"","    */","    disablePolyfill: false,","","    /**","    * prevents the translations from being bundled with the application code.","    * This enables asynchronously loading the translations for the active locale","    * by fetching them from the asset folder of the build.","    *","    * See: https://github.com/jasonmit/ember-intl/blob/master/docs/asynchronously-loading-translations.md","    *","    * @property publicOnly","    * @type {Boolean}","    * @default \"false\"","    */","    publicOnly: false","  };","};",""],"l":{"3":1,"4":0}},"/home/travis/build/npmtest/node-npmtest-ember-intl/node_modules/ember-intl/config/environment.js":{"path":"/home/travis/build/npmtest/node-npmtest-ember-intl/node_modules/ember-intl/config/environment.js","s":{"1":1,"2":0},"b":{},"f":{"1":0},"fnMap":{"1":{"name":"(anonymous_1)","line":4,"loc":{"start":{"line":4,"column":17},"end":{"line":4,"column":56}}}},"statementMap":{"1":{"start":{"line":4,"column":0},"end":{"line":6,"column":2}},"2":{"start":{"line":5,"column":2},"end":{"line":5,"column":12}}},"branchMap":{},"code":["/*jshint node:true*/","'use strict';","","module.exports = function(/* environment, appConfig */) {","  return {};","};",""],"l":{"4":1,"5":0}},"/home/travis/build/npmtest/node-npmtest-ember-intl/node_modules/ember-intl/lib/broccoli/intl-polyfill.js":{"path":"/home/travis/build/npmtest/node-npmtest-ember-intl/node_modules/ember-intl/lib/broccoli/intl-polyfill.js","s":{"1":1,"2":1,"3":1,"4":1,"5":1,"6":1,"7":0,"8":0,"9":1,"10":0,"11":0,"12":0,"13":0,"14":0,"15":0,"16":0,"17":0,"18":0,"19":0,"20":0},"b":{"1":[0,0]},"f":{"1":0,"2":0,"3":0},"fnMap":{"1":{"name":"lowercaseTree","line":11,"loc":{"start":{"line":11,"column":0},"end":{"line":11,"column":29}}},"2":{"name":"(anonymous_2)","line":12,"loc":{"start":{"line":12,"column":26},"end":{"line":12,"column":45}}},"3":{"name":"intlPolyfill","line":17,"loc":{"start":{"line":17,"column":17},"end":{"line":17,"column":45}}}},"statementMap":{"1":{"start":{"line":5,"column":0},"end":{"line":5,"column":27}},"2":{"start":{"line":6,"column":0},"end":{"line":6,"column":40}},"3":{"start":{"line":7,"column":0},"end":{"line":7,"column":49}},"4":{"start":{"line":8,"column":0},"end":{"line":8,"column":49}},"5":{"start":{"line":9,"column":0},"end":{"line":9,"column":59}},"6":{"start":{"line":11,"column":0},"end":{"line":15,"column":1}},"7":{"start":{"line":12,"column":2},"end":{"line":14,"column":5}},"8":{"start":{"line":13,"column":4},"end":{"line":13,"column":40}},"9":{"start":{"line":17,"column":0},"end":{"line":49,"column":2}},"10":{"start":{"line":18,"column":2},"end":{"line":18,"column":69}},"11":{"start":{"line":19,"column":2},"end":{"line":19,"column":17}},"12":{"start":{"line":21,"column":2},"end":{"line":27,"column":4}},"13":{"start":{"line":29,"column":2},"end":{"line":33,"column":5}},"14":{"start":{"line":35,"column":2},"end":{"line":38,"column":4}},"15":{"start":{"line":40,"column":2},"end":{"line":42,"column":3}},"16":{"start":{"line":41,"column":4},"end":{"line":41,"column":89}},"17":{"start":{"line":41,"column":54},"end":{"line":41,"column":87}},"18":{"start":{"line":44,"column":2},"end":{"line":44,"column":51}},"19":{"start":{"line":46,"column":2},"end":{"line":46,"column":69}},"20":{"start":{"line":48,"column":2},"end":{"line":48,"column":27}}},"branchMap":{"1":{"line":40,"type":"if","locations":[{"start":{"line":40,"column":2},"end":{"line":40,"column":2}},{"start":{"line":40,"column":2},"end":{"line":40,"column":2}}]}},"code":["/* jshint node: true */","","'use strict';","","let path = require('path');","let Funnel = require('broccoli-funnel');","let mergeTrees = require('broccoli-merge-trees');","let renameTree = require('broccoli-stew').rename;","let UnwatchedDir = require('broccoli-source').UnwatchedDir;","","function lowercaseTree(tree) {","  return renameTree(tree, function(filepath) {","    return filepath.toLocaleLowerCase();","  });","}","","module.exports = function intlPolyfill(opts) {","  let tree = new UnwatchedDir(path.dirname(require.resolve('intl')));","  let trees = [];","","  trees.push(","    new Funnel(tree, {","      srcDir: 'dist',","      files: ['Intl.js.map'],","      destDir: opts.destDir","    })","  );","","  let polyfillTree = new Funnel(tree, {","    srcDir: 'dist',","    files: ['Intl.complete.js', 'Intl.js', 'Intl.min.js'],","    destDir: opts.destDir","  });","","  let localeFunnel = {","    srcDir: 'locale-data/jsonp',","    destDir: `${opts.destDir}/locales`","  };","","  if (opts.locales.length) {","    localeFunnel.include = opts.locales.map(locale => new RegExp(`^${locale}.js$`, 'i'));","  }","","  let localesTree = new Funnel(tree, localeFunnel);","","  trees.push(lowercaseTree(mergeTrees([polyfillTree, localesTree])));","","  return mergeTrees(trees);","};",""],"l":{"5":1,"6":1,"7":1,"8":1,"9":1,"11":1,"12":0,"13":0,"17":1,"18":0,"19":0,"21":0,"29":0,"35":0,"40":0,"41":0,"44":0,"46":0,"48":0}}}